{"numTotalTestSuites":107,"numPassedTestSuites":107,"numFailedTestSuites":0,"numPendingTestSuites":0,"numTotalTests":146,"numPassedTests":145,"numFailedTests":0,"numPendingTests":1,"numTodoTests":0,"snapshot":{"added":0,"failure":false,"filesAdded":0,"filesRemoved":0,"filesRemovedList":[],"filesUnmatched":0,"filesUpdated":0,"matched":0,"total":0,"unchecked":0,"uncheckedKeysByFile":[],"unmatched":0,"updated":0,"didUpdate":false},"startTime":1770138766605,"success":true,"testResults":[{"assertionResults":[{"ancestorTitles":["auth.ts - Authentication","signIn"],"fullName":"auth.ts - Authentication signIn should sign in successfully","status":"passed","title":"should sign in successfully","duration":7.147699999999986,"failureMessages":[],"meta":{}},{"ancestorTitles":["auth.ts - Authentication","signIn"],"fullName":"auth.ts - Authentication signIn should handle missing credentials","status":"passed","title":"should handle missing credentials","duration":0.9302999999999884,"failureMessages":[],"meta":{}},{"ancestorTitles":["auth.ts - Authentication","signIn"],"fullName":"auth.ts - Authentication signIn should handle rate limiting","status":"passed","title":"should handle rate limiting","duration":0.8747000000000753,"failureMessages":[],"meta":{}},{"ancestorTitles":["auth.ts - Authentication","signIn"],"fullName":"auth.ts - Authentication signIn should handle Supabase login error","status":"passed","title":"should handle Supabase login error","duration":1.04950000000008,"failureMessages":[],"meta":{}},{"ancestorTitles":["auth.ts - Authentication","signOut"],"fullName":"auth.ts - Authentication signOut should sign out and redirect","status":"passed","title":"should sign out and redirect","duration":1.1551999999999225,"failureMessages":[],"meta":{}},{"ancestorTitles":["auth.ts - Authentication","getCurrentUser"],"fullName":"auth.ts - Authentication getCurrentUser should return user and profile when authenticated","status":"passed","title":"should return user and profile when authenticated","duration":1.5043000000000575,"failureMessages":[],"meta":{}},{"ancestorTitles":["auth.ts - Authentication","getCurrentUser"],"fullName":"auth.ts - Authentication getCurrentUser should return null when not authenticated","status":"passed","title":"should return null when not authenticated","duration":0.8331000000000586,"failureMessages":[],"meta":{}},{"ancestorTitles":["auth.ts - Authentication","hasRole"],"fullName":"auth.ts - Authentication hasRole should return true if user has allowed role","status":"passed","title":"should return true if user has allowed role","duration":1.0790999999999258,"failureMessages":[],"meta":{}},{"ancestorTitles":["auth.ts - Authentication","hasRole"],"fullName":"auth.ts - Authentication hasRole should return false if user does not have allowed role","status":"passed","title":"should return false if user does not have allowed role","duration":1.1274000000000797,"failureMessages":[],"meta":{}}],"startTime":1770138768579,"endTime":1770138768596.1274,"status":"passed","message":"","name":"C:/Users/Usuario/Documents/GitHub/Sistema-EDO-Chelabs-v2/src/__tests__/actions/auth.test.ts"},{"assertionResults":[{"ancestorTitles":["configuracion.ts - Configuration Management","getConfig"],"fullName":"configuracion.ts - Configuration Management getConfig should return config value by key","status":"passed","title":"should return config value by key","duration":3.929399999999987,"failureMessages":[],"meta":{}},{"ancestorTitles":["configuracion.ts - Configuration Management","getConfig"],"fullName":"configuracion.ts - Configuration Management getConfig should return error if config not found","status":"passed","title":"should return error if config not found","duration":0.9086999999999534,"failureMessages":[],"meta":{}},{"ancestorTitles":["configuracion.ts - Configuration Management","getCotizacionUR"],"fullName":"configuracion.ts - Configuration Management getCotizacionUR should return UR exchange rate","status":"passed","title":"should return UR exchange rate","duration":0.8127999999999247,"failureMessages":[],"meta":{}},{"ancestorTitles":["configuracion.ts - Configuration Management","getCotizacionUR"],"fullName":"configuracion.ts - Configuration Management getCotizacionUR should return default value if config not found","status":"passed","title":"should return default value if config not found","duration":0.892699999999877,"failureMessages":[],"meta":{}},{"ancestorTitles":["configuracion.ts - Configuration Management","updateCotizacionUR"],"fullName":"configuracion.ts - Configuration Management updateCotizacionUR should update UR exchange rate as admin","status":"passed","title":"should update UR exchange rate as admin","duration":1.342200000000048,"failureMessages":[],"meta":{}},{"ancestorTitles":["configuracion.ts - Configuration Management","updateCotizacionUR"],"fullName":"configuracion.ts - Configuration Management updateCotizacionUR should reject negative or zero values","status":"passed","title":"should reject negative or zero values","duration":1.2641999999998461,"failureMessages":[],"meta":{}},{"ancestorTitles":["configuracion.ts - Configuration Management","updateCotizacionUR"],"fullName":"configuracion.ts - Configuration Management updateCotizacionUR should reject unauthorized role","status":"passed","title":"should reject unauthorized role","duration":1.0142000000000735,"failureMessages":[],"meta":{}},{"ancestorTitles":["configuracion.ts - Configuration Management","getAllConfig"],"fullName":"configuracion.ts - Configuration Management getAllConfig should return all configuration values","status":"passed","title":"should return all configuration values","duration":2.439000000000078,"failureMessages":[],"meta":{}}],"startTime":1770138768573,"endTime":1770138768586.439,"status":"passed","message":"","name":"C:/Users/Usuario/Documents/GitHub/Sistema-EDO-Chelabs-v2/src/__tests__/actions/configuracion.test.ts"},{"assertionResults":[{"ancestorTitles":["consumo-materiales.ts - Material Consumption","registerConsumo"],"fullName":"consumo-materiales.ts - Material Consumption registerConsumo should register consumption successfully","status":"passed","title":"should register consumption successfully","duration":5.249700000000075,"failureMessages":[],"meta":{}},{"ancestorTitles":["consumo-materiales.ts - Material Consumption","registerConsumo"],"fullName":"consumo-materiales.ts - Material Consumption registerConsumo should reject consumption without authentication","status":"passed","title":"should reject consumption without authentication","duration":0.7535000000000309,"failureMessages":[],"meta":{}},{"ancestorTitles":["consumo-materiales.ts - Material Consumption","registerConsumo"],"fullName":"consumo-materiales.ts - Material Consumption registerConsumo should validate cantidad_consumida is positive","status":"passed","title":"should validate cantidad_consumida is positive","duration":0.5472999999999502,"failureMessages":[],"meta":{}},{"ancestorTitles":["consumo-materiales.ts - Material Consumption","getConsumosByOT"],"fullName":"consumo-materiales.ts - Material Consumption getConsumosByOT should retrieve consumptions for an OT","status":"passed","title":"should retrieve consumptions for an OT","duration":2.5669000000000324,"failureMessages":[],"meta":{}},{"ancestorTitles":["consumo-materiales.ts - Material Consumption","getConsumosByOT"],"fullName":"consumo-materiales.ts - Material Consumption getConsumosByOT should return empty array when no consumptions exist","status":"passed","title":"should return empty array when no consumptions exist","duration":1.0438999999998941,"failureMessages":[],"meta":{}},{"ancestorTitles":["consumo-materiales.ts - Material Consumption","Consumption Validation Logic"],"fullName":"consumo-materiales.ts - Material Consumption Consumption Validation Logic should detect over-consumption vs estimate","status":"passed","title":"should detect over-consumption vs estimate","duration":0.5101000000001932,"failureMessages":[],"meta":{}},{"ancestorTitles":["consumo-materiales.ts - Material Consumption","Consumption Validation Logic"],"fullName":"consumo-materiales.ts - Material Consumption Consumption Validation Logic should calculate total consumption cost","status":"passed","title":"should calculate total consumption cost","duration":0.24889999999982138,"failureMessages":[],"meta":{}}],"startTime":1770138770208,"endTime":1770138770220.2488,"status":"passed","message":"","name":"C:/Users/Usuario/Documents/GitHub/Sistema-EDO-Chelabs-v2/src/__tests__/actions/consumo-materiales.test.ts"},{"assertionResults":[{"ancestorTitles":["costos.ts - Cost Calculation Logic","calculateOTCostoReal"],"fullName":"costos.ts - Cost Calculation Logic calculateOTCostoReal should calculate cost correctly with material consumptions","status":"passed","title":"should calculate cost correctly with material consumptions","duration":4.18730000000005,"failureMessages":[],"meta":{}},{"ancestorTitles":["costos.ts - Cost Calculation Logic","calculateOTCostoReal"],"fullName":"costos.ts - Cost Calculation Logic calculateOTCostoReal should return 0 when no consumptions exist","status":"passed","title":"should return 0 when no consumptions exist","duration":0.9733000000001084,"failureMessages":[],"meta":{}},{"ancestorTitles":["costos.ts - Cost Calculation Logic","calculateOTCostoReal"],"fullName":"costos.ts - Cost Calculation Logic calculateOTCostoReal should handle database errors gracefully","status":"passed","title":"should handle database errors gracefully","duration":2.8851999999999407,"failureMessages":[],"meta":{}},{"ancestorTitles":["costos.ts - Cost Calculation Logic","updateOTCostoReal"],"fullName":"costos.ts - Cost Calculation Logic updateOTCostoReal should update OT with calculated cost","status":"passed","title":"should update OT with calculated cost","duration":2.0108000000000175,"failureMessages":[],"meta":{}},{"ancestorTitles":["costos.ts - Cost Calculation Logic","Budget Deviation Detection"],"fullName":"costos.ts - Cost Calculation Logic Budget Deviation Detection should detect when actual cost exceeds estimate","status":"passed","title":"should detect when actual cost exceeds estimate","duration":0.5233000000000629,"failureMessages":[],"meta":{}},{"ancestorTitles":["costos.ts - Cost Calculation Logic","Budget Deviation Detection"],"fullName":"costos.ts - Cost Calculation Logic Budget Deviation Detection should detect when actual cost is under estimate","status":"passed","title":"should detect when actual cost is under estimate","duration":0.4574999999999818,"failureMessages":[],"meta":{}}],"startTime":1770138770212,"endTime":1770138770224.4575,"status":"passed","message":"","name":"C:/Users/Usuario/Documents/GitHub/Sistema-EDO-Chelabs-v2/src/__tests__/actions/costos.test.ts"},{"assertionResults":[{"ancestorTitles":["insumos.ts - Insumos Management","createInsumo"],"fullName":"insumos.ts - Insumos Management createInsumo should create an insumo successfully as admin","status":"passed","title":"should create an insumo successfully as admin","duration":7.91190000000006,"failureMessages":[],"meta":{}},{"ancestorTitles":["insumos.ts - Insumos Management","updateInsumo"],"fullName":"insumos.ts - Insumos Management updateInsumo should update insumo and sync legacy price field","status":"passed","title":"should update insumo and sync legacy price field","duration":2.733500000000049,"failureMessages":[],"meta":{}},{"ancestorTitles":["insumos.ts - Insumos Management","deleteInsumo"],"fullName":"insumos.ts - Insumos Management deleteInsumo should soft-delete when no usage exists","status":"passed","title":"should soft-delete when no usage exists","duration":2.411100000000033,"failureMessages":[],"meta":{}},{"ancestorTitles":["insumos.ts - Insumos Management","deleteInsumo"],"fullName":"insumos.ts - Insumos Management deleteInsumo should block deletion if used in active OTs","status":"passed","title":"should block deletion if used in active OTs","duration":1.9451999999998861,"failureMessages":[],"meta":{}}],"startTime":1770138768711,"endTime":1770138768726.9453,"status":"passed","message":"","name":"C:/Users/Usuario/Documents/GitHub/Sistema-EDO-Chelabs-v2/src/__tests__/actions/insumos.test.ts"},{"assertionResults":[{"ancestorTitles":["obras.ts - Obras Management","createObra"],"fullName":"obras.ts - Obras Management createObra should create an obra successfully as admin","status":"passed","title":"should create an obra successfully as admin","duration":7.570000000000164,"failureMessages":[],"meta":{}},{"ancestorTitles":["obras.ts - Obras Management","createObra"],"fullName":"obras.ts - Obras Management createObra should fail with validation errors","status":"passed","title":"should fail with validation errors","duration":1.3184000000001106,"failureMessages":[],"meta":{}},{"ancestorTitles":["obras.ts - Obras Management","createObra"],"fullName":"obras.ts - Obras Management createObra should deny access to unauthorized users","status":"passed","title":"should deny access to unauthorized users","duration":1.446599999999762,"failureMessages":[],"meta":{}},{"ancestorTitles":["obras.ts - Obras Management","deleteObra"],"fullName":"obras.ts - Obras Management deleteObra should soft-delete obra and children","status":"passed","title":"should soft-delete obra and children","duration":2.541400000000067,"failureMessages":[],"meta":{}},{"ancestorTitles":["obras.ts - Obras Management","deleteObra"],"fullName":"obras.ts - Obras Management deleteObra should block deletion if active OTs exist","status":"skipped","title":"should block deletion if active OTs exist","failureMessages":[],"meta":{}},{"ancestorTitles":["obras.ts - Obras Management","getObrasPaginated"],"fullName":"obras.ts - Obras Management getObrasPaginated should return paginated data","status":"passed","title":"should return paginated data","duration":3.033300000000054,"failureMessages":[],"meta":{}}],"startTime":1770138768716,"endTime":1770138768733.0332,"status":"passed","message":"","name":"C:/Users/Usuario/Documents/GitHub/Sistema-EDO-Chelabs-v2/src/__tests__/actions/obras.test.ts"},{"assertionResults":[{"ancestorTitles":["ordenes-compra.ts - Purchase Orders","createOrdenCompra"],"fullName":"ordenes-compra.ts - Purchase Orders createOrdenCompra should create OC successfully when OT is valid","status":"passed","title":"should create OC successfully when OT is valid","duration":9.16119999999978,"failureMessages":[],"meta":{}},{"ancestorTitles":["ordenes-compra.ts - Purchase Orders","createOrdenCompra"],"fullName":"ordenes-compra.ts - Purchase Orders createOrdenCompra should fail if OT does not belong to obra","status":"passed","title":"should fail if OT does not belong to obra","duration":1.5997999999999593,"failureMessages":[],"meta":{}},{"ancestorTitles":["ordenes-compra.ts - Purchase Orders","updateOCEstado"],"fullName":"ordenes-compra.ts - Purchase Orders updateOCEstado should allow valid transition from pendiente to enciada by compras","status":"passed","title":"should allow valid transition from pendiente to enciada by compras","duration":1.6107999999999265,"failureMessages":[],"meta":{}},{"ancestorTitles":["ordenes-compra.ts - Purchase Orders","updateOCEstado"],"fullName":"ordenes-compra.ts - Purchase Orders updateOCEstado should prevent invalid transitions","status":"passed","title":"should prevent invalid transitions","duration":1.1895999999999276,"failureMessages":[],"meta":{}},{"ancestorTitles":["ordenes-compra.ts - Purchase Orders","getOrdenesCompra"],"fullName":"ordenes-compra.ts - Purchase Orders getOrdenesCompra should list OCs with filters","status":"passed","title":"should list OCs with filters","duration":3.779899999999998,"failureMessages":[],"meta":{}}],"startTime":1770138768673,"endTime":1770138768690.7798,"status":"passed","message":"","name":"C:/Users/Usuario/Documents/GitHub/Sistema-EDO-Chelabs-v2/src/__tests__/actions/ordenes-compra.test.ts"},{"assertionResults":[{"ancestorTitles":["ordenes-trabajo.ts - Work Orders","createOT"],"fullName":"ordenes-trabajo.ts - Work Orders createOT should create OT with insumos and calculate cost","status":"passed","title":"should create OT with insumos and calculate cost","duration":9.68329999999969,"failureMessages":[],"meta":{}},{"ancestorTitles":["ordenes-trabajo.ts - Work Orders","createOT"],"fullName":"ordenes-trabajo.ts - Work Orders createOT should reject creation by unauthorized role","status":"passed","title":"should reject creation by unauthorized role","duration":1.3649000000000342,"failureMessages":[],"meta":{}},{"ancestorTitles":["ordenes-trabajo.ts - Work Orders","updateOT"],"fullName":"ordenes-trabajo.ts - Work Orders updateOT should update OT in draft state","status":"passed","title":"should update OT in draft state","duration":2.017699999999877,"failureMessages":[],"meta":{}},{"ancestorTitles":["ordenes-trabajo.ts - Work Orders","updateOT"],"fullName":"ordenes-trabajo.ts - Work Orders updateOT should reject update if OT is not in draft","status":"passed","title":"should reject update if OT is not in draft","duration":1.5988999999999578,"failureMessages":[],"meta":{}},{"ancestorTitles":["ordenes-trabajo.ts - Work Orders","approveOT"],"fullName":"ordenes-trabajo.ts - Work Orders approveOT should approve OT within budget","status":"passed","title":"should approve OT within budget","duration":3.1195999999999913,"failureMessages":[],"meta":{}},{"ancestorTitles":["ordenes-trabajo.ts - Work Orders","approveOT"],"fullName":"ordenes-trabajo.ts - Work Orders approveOT should require acknowledgment when exceeding budget","status":"passed","title":"should require acknowledgment when exceeding budget","duration":24.984100000000126,"failureMessages":[],"meta":{}},{"ancestorTitles":["ordenes-trabajo.ts - Work Orders","startOTExecution"],"fullName":"ordenes-trabajo.ts - Work Orders startOTExecution should start execution for approved OT","status":"passed","title":"should start execution for approved OT","duration":2.4266999999999825,"failureMessages":[],"meta":{}},{"ancestorTitles":["ordenes-trabajo.ts - Work Orders","closeOT"],"fullName":"ordenes-trabajo.ts - Work Orders closeOT should close OT without deviation","status":"passed","title":"should close OT without deviation","duration":4.309200000000146,"failureMessages":[],"meta":{}},{"ancestorTitles":["ordenes-trabajo.ts - Work Orders","closeOT"],"fullName":"ordenes-trabajo.ts - Work Orders closeOT should require acknowledgment for cost deviation","status":"passed","title":"should require acknowledgment for cost deviation","duration":2.702299999999923,"failureMessages":[],"meta":{}},{"ancestorTitles":["ordenes-trabajo.ts - Work Orders","deleteOT"],"fullName":"ordenes-trabajo.ts - Work Orders deleteOT should soft-delete OT","status":"passed","title":"should soft-delete OT","duration":2.1903000000002066,"failureMessages":[],"meta":{}},{"ancestorTitles":["ordenes-trabajo.ts - Work Orders","getRubroBudgetStatus"],"fullName":"ordenes-trabajo.ts - Work Orders getRubroBudgetStatus should calculate budget status correctly","status":"passed","title":"should calculate budget status correctly","duration":2.292199999999866,"failureMessages":[],"meta":{}}],"startTime":1770138768712,"endTime":1770138768770.2922,"status":"passed","message":"","name":"C:/Users/Usuario/Documents/GitHub/Sistema-EDO-Chelabs-v2/src/__tests__/actions/ordenes-trabajo.test.ts"},{"assertionResults":[{"ancestorTitles":["ot-fotos.ts - Photo Management"],"fullName":"ot-fotos.ts - Photo Management should have basic test coverage","status":"passed","title":"should have basic test coverage","duration":2.2204999999999018,"failureMessages":[],"meta":{}}],"startTime":1770138770213,"endTime":1770138770215.2205,"status":"passed","message":"","name":"C:/Users/Usuario/Documents/GitHub/Sistema-EDO-Chelabs-v2/src/__tests__/actions/ot-fotos.test.ts"},{"assertionResults":[{"ancestorTitles":["papelera.ts - Trash Management","getDeletedItems"],"fullName":"papelera.ts - Trash Management getDeletedItems should return deleted items for admin","status":"passed","title":"should return deleted items for admin","duration":5.214300000000094,"failureMessages":[],"meta":{}},{"ancestorTitles":["papelera.ts - Trash Management","getDeletedItems"],"fullName":"papelera.ts - Trash Management getDeletedItems should reject non-admin","status":"passed","title":"should reject non-admin","duration":0.981899999999996,"failureMessages":[],"meta":{}},{"ancestorTitles":["papelera.ts - Trash Management","restoreItem"],"fullName":"papelera.ts - Trash Management restoreItem should restore obra with cascading restore","status":"passed","title":"should restore obra with cascading restore","duration":1.7395999999998821,"failureMessages":[],"meta":{}},{"ancestorTitles":["papelera.ts - Trash Management","restoreItem"],"fullName":"papelera.ts - Trash Management restoreItem should restore single item","status":"passed","title":"should restore single item","duration":1.0981999999999061,"failureMessages":[],"meta":{}},{"ancestorTitles":["papelera.ts - Trash Management","permanentDelete"],"fullName":"papelera.ts - Trash Management permanentDelete should permanently delete item","status":"passed","title":"should permanently delete item","duration":1.435699999999997,"failureMessages":[],"meta":{}}],"startTime":1770138768573,"endTime":1770138768584.4358,"status":"passed","message":"","name":"C:/Users/Usuario/Documents/GitHub/Sistema-EDO-Chelabs-v2/src/__tests__/actions/papelera.test.ts"},{"assertionResults":[{"ancestorTitles":["plantillas.ts - Template Management"],"fullName":"plantillas.ts - Template Management should have basic test coverage","status":"passed","title":"should have basic test coverage","duration":2.2650000000001,"failureMessages":[],"meta":{}}],"startTime":1770138770212,"endTime":1770138770214.265,"status":"passed","message":"","name":"C:/Users/Usuario/Documents/GitHub/Sistema-EDO-Chelabs-v2/src/__tests__/actions/plantillas.test.ts"},{"assertionResults":[{"ancestorTitles":["recepciones.ts - Material Receptions","registerRecepcion"],"fullName":"recepciones.ts - Material Receptions registerRecepcion should register partial reception successfully","status":"passed","title":"should register partial reception successfully","duration":5.246200000000044,"failureMessages":[],"meta":{}},{"ancestorTitles":["recepciones.ts - Material Receptions","registerRecepcion"],"fullName":"recepciones.ts - Material Receptions registerRecepcion should fail if OC is not in valid state","status":"passed","title":"should fail if OC is not in valid state","duration":0.8043999999999869,"failureMessages":[],"meta":{}}],"startTime":1770138770281,"endTime":1770138770286.8044,"status":"passed","message":"","name":"C:/Users/Usuario/Documents/GitHub/Sistema-EDO-Chelabs-v2/src/__tests__/actions/recepciones.test.ts"},{"assertionResults":[{"ancestorTitles":["rubro-insumos.ts - Formula Management","getRubroWithInsumos"],"fullName":"rubro-insumos.ts - Formula Management getRubroWithInsumos should return rubro with linked insumos and budget status","status":"passed","title":"should return rubro with linked insumos and budget status","duration":7.36609999999996,"failureMessages":[],"meta":{}},{"ancestorTitles":["rubro-insumos.ts - Formula Management","getRubrosWithInsumos"],"fullName":"rubro-insumos.ts - Formula Management getRubrosWithInsumos should return all rubros with insumos for an obra","status":"passed","title":"should return all rubros with insumos for an obra","duration":2.126900000000205,"failureMessages":[],"meta":{}},{"ancestorTitles":["rubro-insumos.ts - Formula Management","addInsumoToRubro"],"fullName":"rubro-insumos.ts - Formula Management addInsumoToRubro should add insumo to rubro","status":"passed","title":"should add insumo to rubro","duration":1.7439999999999145,"failureMessages":[],"meta":{}},{"ancestorTitles":["rubro-insumos.ts - Formula Management","addInsumoToRubro"],"fullName":"rubro-insumos.ts - Formula Management addInsumoToRubro should reject if insumo from different obra","status":"passed","title":"should reject if insumo from different obra","duration":1.3846000000000913,"failureMessages":[],"meta":{}},{"ancestorTitles":["rubro-insumos.ts - Formula Management","removeInsumoFromRubro"],"fullName":"rubro-insumos.ts - Formula Management removeInsumoFromRubro should remove insumo from rubro","status":"passed","title":"should remove insumo from rubro","duration":1.3002000000001317,"failureMessages":[],"meta":{}},{"ancestorTitles":["rubro-insumos.ts - Formula Management","updateRubroPresupuesto"],"fullName":"rubro-insumos.ts - Formula Management updateRubroPresupuesto should update rubro budget","status":"passed","title":"should update rubro budget","duration":1.2475999999999203,"failureMessages":[],"meta":{}},{"ancestorTitles":["rubro-insumos.ts - Formula Management","updateRubroPresupuesto"],"fullName":"rubro-insumos.ts - Formula Management updateRubroPresupuesto should reject negative budget","status":"passed","title":"should reject negative budget","duration":0.5813999999998032,"failureMessages":[],"meta":{}},{"ancestorTitles":["rubro-insumos.ts - Formula Management","updateInsumo"],"fullName":"rubro-insumos.ts - Formula Management updateInsumo should update insumo details","status":"passed","title":"should update insumo details","duration":1.3666000000000622,"failureMessages":[],"meta":{}},{"ancestorTitles":["rubro-insumos.ts - Formula Management","getAvailableInsumosForRubro"],"fullName":"rubro-insumos.ts - Formula Management getAvailableInsumosForRubro should return insumos not linked to rubro","status":"passed","title":"should return insumos not linked to rubro","duration":2.1521999999999935,"failureMessages":[],"meta":{}}],"startTime":1770138768562,"endTime":1770138768582.152,"status":"passed","message":"","name":"C:/Users/Usuario/Documents/GitHub/Sistema-EDO-Chelabs-v2/src/__tests__/actions/rubro-insumos.test.ts"},{"assertionResults":[{"ancestorTitles":["rubros.ts - Rubros Management","createRubro"],"fullName":"rubros.ts - Rubros Management createRubro should create a rubro successfully as admin","status":"passed","title":"should create a rubro successfully as admin","duration":7.064800000000105,"failureMessages":[],"meta":{}},{"ancestorTitles":["rubros.ts - Rubros Management","createRubro"],"fullName":"rubros.ts - Rubros Management createRubro should deny access to unauthorized users","status":"passed","title":"should deny access to unauthorized users","duration":1.4301000000000386,"failureMessages":[],"meta":{}},{"ancestorTitles":["rubros.ts - Rubros Management","updateRubro"],"fullName":"rubros.ts - Rubros Management updateRubro should update rubro and recalculate budget","status":"passed","title":"should update rubro and recalculate budget","duration":5.365600000000086,"failureMessages":[],"meta":{}},{"ancestorTitles":["rubros.ts - Rubros Management","deleteRubro"],"fullName":"rubros.ts - Rubros Management deleteRubro should soft-delete when no OTs exist","status":"passed","title":"should soft-delete when no OTs exist","duration":2.11850000000004,"failureMessages":[],"meta":{}},{"ancestorTitles":["rubros.ts - Rubros Management","deleteRubro"],"fullName":"rubros.ts - Rubros Management deleteRubro should block deletion if OTs exist","status":"passed","title":"should block deletion if OTs exist","duration":1.5171999999997752,"failureMessages":[],"meta":{}}],"startTime":1770138768678,"endTime":1770138768696.517,"status":"passed","message":"","name":"C:/Users/Usuario/Documents/GitHub/Sistema-EDO-Chelabs-v2/src/__tests__/actions/rubros.test.ts"},{"assertionResults":[{"ancestorTitles":["usuarios-obra.ts - User-Obra Assignments","getUsuariosByObra"],"fullName":"usuarios-obra.ts - User-Obra Assignments getUsuariosByObra should return users assigned to obra","status":"passed","title":"should return users assigned to obra","duration":3.530499999999847,"failureMessages":[],"meta":{}},{"ancestorTitles":["usuarios-obra.ts - User-Obra Assignments","getUnassignedUsuarios"],"fullName":"usuarios-obra.ts - User-Obra Assignments getUnassignedUsuarios should return unassigned users for admin","status":"passed","title":"should return unassigned users for admin","duration":1.8410999999998694,"failureMessages":[],"meta":{}},{"ancestorTitles":["usuarios-obra.ts - User-Obra Assignments","getUnassignedUsuarios"],"fullName":"usuarios-obra.ts - User-Obra Assignments getUnassignedUsuarios should reject non-admin","status":"passed","title":"should reject non-admin","duration":0.8815999999999349,"failureMessages":[],"meta":{}},{"ancestorTitles":["usuarios-obra.ts - User-Obra Assignments","assignUsuarioToObra"],"fullName":"usuarios-obra.ts - User-Obra Assignments assignUsuarioToObra should assign user to obra as admin","status":"passed","title":"should assign user to obra as admin","duration":0.9515999999998712,"failureMessages":[],"meta":{}},{"ancestorTitles":["usuarios-obra.ts - User-Obra Assignments","unassignUsuarioFromObra"],"fullName":"usuarios-obra.ts - User-Obra Assignments unassignUsuarioFromObra should unassign user from obra as admin","status":"passed","title":"should unassign user from obra as admin","duration":0.8887999999999465,"failureMessages":[],"meta":{}},{"ancestorTitles":["usuarios-obra.ts - User-Obra Assignments","getAllUsuarios"],"fullName":"usuarios-obra.ts - User-Obra Assignments getAllUsuarios should return all users with obra info for admin","status":"passed","title":"should return all users with obra info for admin","duration":0.8265000000001237,"failureMessages":[],"meta":{}}],"startTime":1770138770195,"endTime":1770138770204.8264,"status":"passed","message":"","name":"C:/Users/Usuario/Documents/GitHub/Sistema-EDO-Chelabs-v2/src/__tests__/actions/usuarios-obra.test.ts"},{"assertionResults":[{"ancestorTitles":["usuarios.ts - User Management","getUsuarios"],"fullName":"usuarios.ts - User Management getUsuarios should return all users for admin","status":"passed","title":"should return all users for admin","duration":6.154299999999921,"failureMessages":[],"meta":{}},{"ancestorTitles":["usuarios.ts - User Management","getUsuarios"],"fullName":"usuarios.ts - User Management getUsuarios should reject unauthorized role","status":"passed","title":"should reject unauthorized role","duration":1.4431999999999334,"failureMessages":[],"meta":{}},{"ancestorTitles":["usuarios.ts - User Management","getUsuario"],"fullName":"usuarios.ts - User Management getUsuario should return a single user by ID","status":"passed","title":"should return a single user by ID","duration":1.0879999999999654,"failureMessages":[],"meta":{}},{"ancestorTitles":["usuarios.ts - User Management","createUsuario"],"fullName":"usuarios.ts - User Management createUsuario should create a new user as admin","status":"passed","title":"should create a new user as admin","duration":3.3050000000000637,"failureMessages":[],"meta":{}},{"ancestorTitles":["usuarios.ts - User Management","createUsuario"],"fullName":"usuarios.ts - User Management createUsuario should reject duplicate email","status":"passed","title":"should reject duplicate email","duration":1.5277000000000953,"failureMessages":[],"meta":{}},{"ancestorTitles":["usuarios.ts - User Management","updateUsuario"],"fullName":"usuarios.ts - User Management updateUsuario should update user profile as admin","status":"passed","title":"should update user profile as admin","duration":3.3590999999998985,"failureMessages":[],"meta":{}},{"ancestorTitles":["usuarios.ts - User Management","deactivateUsuario"],"fullName":"usuarios.ts - User Management deactivateUsuario should deactivate user as admin","status":"passed","title":"should deactivate user as admin","duration":1.9579999999998563,"failureMessages":[],"meta":{}},{"ancestorTitles":["usuarios.ts - User Management","deactivateUsuario"],"fullName":"usuarios.ts - User Management deactivateUsuario should reject deactivation by unauthorized role","status":"passed","title":"should reject deactivation by unauthorized role","duration":1.5852000000002135,"failureMessages":[],"meta":{}}],"startTime":1770138768574,"endTime":1770138768595.5852,"status":"passed","message":"","name":"C:/Users/Usuario/Documents/GitHub/Sistema-EDO-Chelabs-v2/src/__tests__/actions/usuarios.test.ts"},{"assertionResults":[{"ancestorTitles":["Currency Utils","convertURtoPesos"],"fullName":"Currency Utils convertURtoPesos converts UR to pesos with default cotizacion","status":"passed","title":"converts UR to pesos with default cotizacion","duration":1.3864000000000942,"failureMessages":[],"meta":{}},{"ancestorTitles":["Currency Utils","convertURtoPesos"],"fullName":"Currency Utils convertURtoPesos converts UR to pesos with custom cotizacion","status":"passed","title":"converts UR to pesos with custom cotizacion","duration":0.17070000000012442,"failureMessages":[],"meta":{}},{"ancestorTitles":["Currency Utils","convertURtoPesos"],"fullName":"Currency Utils convertURtoPesos handles decimal values","status":"passed","title":"handles decimal values","duration":0.1333999999999378,"failureMessages":[],"meta":{}},{"ancestorTitles":["Currency Utils","convertPesosToUR"],"fullName":"Currency Utils convertPesosToUR converts pesos to UR with default cotizacion","status":"passed","title":"converts pesos to UR with default cotizacion","duration":0.20190000000002328,"failureMessages":[],"meta":{}},{"ancestorTitles":["Currency Utils","convertPesosToUR"],"fullName":"Currency Utils convertPesosToUR converts pesos to UR with custom cotizacion","status":"passed","title":"converts pesos to UR with custom cotizacion","duration":0.12239999999997053,"failureMessages":[],"meta":{}},{"ancestorTitles":["Currency Utils","convertPesosToUR"],"fullName":"Currency Utils convertPesosToUR returns 0 when cotizacion is 0 (avoid division by zero)","status":"passed","title":"returns 0 when cotizacion is 0 (avoid division by zero)","duration":0.0989999999999327,"failureMessages":[],"meta":{}},{"ancestorTitles":["Currency Utils","formatPesos"],"fullName":"Currency Utils formatPesos formats positive amounts","status":"passed","title":"formats positive amounts","duration":20.259199999999964,"failureMessages":[],"meta":{}},{"ancestorTitles":["Currency Utils","formatPesos"],"fullName":"Currency Utils formatPesos formats zero","status":"passed","title":"formats zero","duration":0.27530000000001564,"failureMessages":[],"meta":{}},{"ancestorTitles":["Currency Utils","formatPesos"],"fullName":"Currency Utils formatPesos handles null and undefined","status":"passed","title":"handles null and undefined","duration":0.1794999999999618,"failureMessages":[],"meta":{}},{"ancestorTitles":["Currency Utils","formatPesos"],"fullName":"Currency Utils formatPesos formats negative amounts","status":"passed","title":"formats negative amounts","duration":0.2299000000000433,"failureMessages":[],"meta":{}},{"ancestorTitles":["Currency Utils","formatUR"],"fullName":"Currency Utils formatUR formats UR amounts with 2 decimals","status":"passed","title":"formats UR amounts with 2 decimals","duration":0.3913000000000011,"failureMessages":[],"meta":{}},{"ancestorTitles":["Currency Utils","formatUR"],"fullName":"Currency Utils formatUR handles null and undefined","status":"passed","title":"handles null and undefined","duration":0.508199999999988,"failureMessages":[],"meta":{}},{"ancestorTitles":["Currency Utils","formatUR"],"fullName":"Currency Utils formatUR formats zero","status":"passed","title":"formats zero","duration":0.25749999999993634,"failureMessages":[],"meta":{}},{"ancestorTitles":["Currency Utils","formatURWithPesos"],"fullName":"Currency Utils formatURWithPesos formats UR with pesos equivalent","status":"passed","title":"formats UR with pesos equivalent","duration":0.567600000000084,"failureMessages":[],"meta":{}},{"ancestorTitles":["Currency Utils","formatURWithPesos"],"fullName":"Currency Utils formatURWithPesos handles null and undefined","status":"passed","title":"handles null and undefined","duration":0.1894999999999527,"failureMessages":[],"meta":{}}],"startTime":1770138768526,"endTime":1770138768551.5676,"status":"passed","message":"","name":"C:/Users/Usuario/Documents/GitHub/Sistema-EDO-Chelabs-v2/src/__tests__/lib/currency.test.ts"},{"assertionResults":[{"ancestorTitles":["OT Format Utilities","formatOTCode"],"fullName":"OT Format Utilities formatOTCode should format with default config","status":"passed","title":"should format with default config","duration":1.5994000000000597,"failureMessages":[],"meta":{}},{"ancestorTitles":["OT Format Utilities","formatOTCode"],"fullName":"OT Format Utilities formatOTCode should handle numbers larger than minDigits","status":"passed","title":"should handle numbers larger than minDigits","duration":0.17280000000005202,"failureMessages":[],"meta":{}},{"ancestorTitles":["OT Format Utilities","formatOTCode"],"fullName":"OT Format Utilities formatOTCode should accept Date object for year","status":"passed","title":"should accept Date object for year","duration":0.13040000000000873,"failureMessages":[],"meta":{}},{"ancestorTitles":["OT Format Utilities","formatOTCode"],"fullName":"OT Format Utilities formatOTCode should accept date string for year","status":"passed","title":"should accept date string for year","duration":0.1008999999999105,"failureMessages":[],"meta":{}},{"ancestorTitles":["OT Format Utilities","formatOTCode"],"fullName":"OT Format Utilities formatOTCode should use current year when no year provided","status":"passed","title":"should use current year when no year provided","duration":0.10520000000019536,"failureMessages":[],"meta":{}},{"ancestorTitles":["OT Format Utilities","formatOTCode"],"fullName":"OT Format Utilities formatOTCode should respect custom prefix","status":"passed","title":"should respect custom prefix","duration":0.13259999999991123,"failureMessages":[],"meta":{}},{"ancestorTitles":["OT Format Utilities","formatOTCode"],"fullName":"OT Format Utilities formatOTCode should exclude year when includeYear is false","status":"passed","title":"should exclude year when includeYear is false","duration":0.12530000000015207,"failureMessages":[],"meta":{}},{"ancestorTitles":["OT Format Utilities","formatOTCode"],"fullName":"OT Format Utilities formatOTCode should respect custom minDigits","status":"passed","title":"should respect custom minDigits","duration":0.14470000000005712,"failureMessages":[],"meta":{}},{"ancestorTitles":["OT Format Utilities","formatOTCode"],"fullName":"OT Format Utilities formatOTCode should respect custom separator","status":"passed","title":"should respect custom separator","duration":0.22499999999990905,"failureMessages":[],"meta":{}},{"ancestorTitles":["OT Format Utilities","formatOTCode"],"fullName":"OT Format Utilities formatOTCode should combine multiple config options","status":"passed","title":"should combine multiple config options","duration":0.09760000000005675,"failureMessages":[],"meta":{}},{"ancestorTitles":["OT Format Utilities","parseOTCode"],"fullName":"OT Format Utilities parseOTCode should parse standard format","status":"passed","title":"should parse standard format","duration":0.8559999999999945,"failureMessages":[],"meta":{}},{"ancestorTitles":["OT Format Utilities","parseOTCode"],"fullName":"OT Format Utilities parseOTCode should parse format without year","status":"passed","title":"should parse format without year","duration":0.17270000000007713,"failureMessages":[],"meta":{}},{"ancestorTitles":["OT Format Utilities","parseOTCode"],"fullName":"OT Format Utilities parseOTCode should handle custom prefixes","status":"passed","title":"should handle custom prefixes","duration":0.1271999999999025,"failureMessages":[],"meta":{}},{"ancestorTitles":["OT Format Utilities","parseOTCode"],"fullName":"OT Format Utilities parseOTCode should return null for invalid codes","status":"passed","title":"should return null for invalid codes","duration":0.2341999999998734,"failureMessages":[],"meta":{}},{"ancestorTitles":["OT Format Utilities","getOTDisplayCode"],"fullName":"OT Format Utilities getOTDisplayCode should format OT object with created_at","status":"passed","title":"should format OT object with created_at","duration":0.21049999999991087,"failureMessages":[],"meta":{}},{"ancestorTitles":["OT Format Utilities","getOTDisplayCode"],"fullName":"OT Format Utilities getOTDisplayCode should handle null created_at","status":"passed","title":"should handle null created_at","duration":0.1756000000000313,"failureMessages":[],"meta":{}},{"ancestorTitles":["OT Format Utilities","getOTDisplayCode"],"fullName":"OT Format Utilities getOTDisplayCode should handle missing created_at","status":"passed","title":"should handle missing created_at","duration":0.16609999999991487,"failureMessages":[],"meta":{}},{"ancestorTitles":["OT Format Utilities","formatOTNumber"],"fullName":"OT Format Utilities formatOTNumber should pad numbers to default 3 digits","status":"passed","title":"should pad numbers to default 3 digits","duration":0.2706999999998061,"failureMessages":[],"meta":{}},{"ancestorTitles":["OT Format Utilities","formatOTNumber"],"fullName":"OT Format Utilities formatOTNumber should not truncate larger numbers","status":"passed","title":"should not truncate larger numbers","duration":0.16769999999996799,"failureMessages":[],"meta":{}},{"ancestorTitles":["OT Format Utilities","formatOTNumber"],"fullName":"OT Format Utilities formatOTNumber should respect custom minDigits","status":"passed","title":"should respect custom minDigits","duration":0.19249999999988177,"failureMessages":[],"meta":{}}],"startTime":1770138770194,"endTime":1770138770200.1924,"status":"passed","message":"","name":"C:/Users/Usuario/Documents/GitHub/Sistema-EDO-Chelabs-v2/src/__tests__/lib/ot-format.test.ts"},{"assertionResults":[{"ancestorTitles":["Rate Limiter","checkRateLimit"],"fullName":"Rate Limiter checkRateLimit should allow requests under the limit","status":"passed","title":"should allow requests under the limit","duration":2.111699999999928,"failureMessages":[],"meta":{}},{"ancestorTitles":["Rate Limiter","checkRateLimit"],"fullName":"Rate Limiter checkRateLimit should track remaining requests correctly","status":"passed","title":"should track remaining requests correctly","duration":0.3290999999999258,"failureMessages":[],"meta":{}},{"ancestorTitles":["Rate Limiter","checkRateLimit"],"fullName":"Rate Limiter checkRateLimit should block requests over the limit","status":"passed","title":"should block requests over the limit","duration":0.3146999999999025,"failureMessages":[],"meta":{}},{"ancestorTitles":["Rate Limiter","checkRateLimit"],"fullName":"Rate Limiter checkRateLimit should use different buckets for different identifiers","status":"passed","title":"should use different buckets for different identifiers","duration":0.22900000000004184,"failureMessages":[],"meta":{}},{"ancestorTitles":["Rate Limiter","checkRateLimit"],"fullName":"Rate Limiter checkRateLimit should reset after window expires","status":"passed","title":"should reset after window expires","duration":2.0420000000001437,"failureMessages":[],"meta":{}},{"ancestorTitles":["Rate Limiter","RateLimits presets"],"fullName":"Rate Limiter RateLimits presets should have LOGIN preset configured correctly","status":"passed","title":"should have LOGIN preset configured correctly","duration":1.1191999999998643,"failureMessages":[],"meta":{}},{"ancestorTitles":["Rate Limiter","RateLimits presets"],"fullName":"Rate Limiter RateLimits presets should have MUTATION preset configured correctly","status":"passed","title":"should have MUTATION preset configured correctly","duration":0.18000000000006366,"failureMessages":[],"meta":{}},{"ancestorTitles":["Rate Limiter","RateLimits presets"],"fullName":"Rate Limiter RateLimits presets should have UPLOAD preset configured correctly","status":"passed","title":"should have UPLOAD preset configured correctly","duration":0.12619999999992615,"failureMessages":[],"meta":{}}],"startTime":1770138770191,"endTime":1770138770198.18,"status":"passed","message":"","name":"C:/Users/Usuario/Documents/GitHub/Sistema-EDO-Chelabs-v2/src/__tests__/lib/rate-limit.test.ts"},{"assertionResults":[{"ancestorTitles":["Role Utils","getRoleDisplayName"],"fullName":"Role Utils getRoleDisplayName returns correct display name for admin","status":"passed","title":"returns correct display name for admin","duration":1.9605999999998858,"failureMessages":[],"meta":{}},{"ancestorTitles":["Role Utils","getRoleDisplayName"],"fullName":"Role Utils getRoleDisplayName returns correct display name for director_obra","status":"passed","title":"returns correct display name for director_obra","duration":0.2665999999999258,"failureMessages":[],"meta":{}},{"ancestorTitles":["Role Utils","getRoleDisplayName"],"fullName":"Role Utils getRoleDisplayName returns correct display name for jefe_obra","status":"passed","title":"returns correct display name for jefe_obra","duration":0.14560000000005857,"failureMessages":[],"meta":{}},{"ancestorTitles":["Role Utils","getRoleDisplayName"],"fullName":"Role Utils getRoleDisplayName returns correct display name for compras","status":"passed","title":"returns correct display name for compras","duration":0.1311000000000604,"failureMessages":[],"meta":{}},{"ancestorTitles":["Role Utils","getRoleDisplayName"],"fullName":"Role Utils getRoleDisplayName returns Usuario for null role","status":"passed","title":"returns Usuario for null role","duration":0.1268999999999778,"failureMessages":[],"meta":{}},{"ancestorTitles":["Role Utils","getRoleAbbreviation"],"fullName":"Role Utils getRoleAbbreviation returns correct abbreviation for admin","status":"passed","title":"returns correct abbreviation for admin","duration":0.14699999999993452,"failureMessages":[],"meta":{}},{"ancestorTitles":["Role Utils","getRoleAbbreviation"],"fullName":"Role Utils getRoleAbbreviation returns correct abbreviation for director_obra","status":"passed","title":"returns correct abbreviation for director_obra","duration":0.10490000000004329,"failureMessages":[],"meta":{}},{"ancestorTitles":["Role Utils","getRoleAbbreviation"],"fullName":"Role Utils getRoleAbbreviation returns correct abbreviation for jefe_obra","status":"passed","title":"returns correct abbreviation for jefe_obra","duration":0.09249999999997272,"failureMessages":[],"meta":{}},{"ancestorTitles":["Role Utils","getRoleAbbreviation"],"fullName":"Role Utils getRoleAbbreviation returns correct abbreviation for compras","status":"passed","title":"returns correct abbreviation for compras","duration":0.10449999999991633,"failureMessages":[],"meta":{}},{"ancestorTitles":["Role Utils","getRoleAbbreviation"],"fullName":"Role Utils getRoleAbbreviation returns empty string for null role","status":"passed","title":"returns empty string for null role","duration":0.08960000000001855,"failureMessages":[],"meta":{}}],"startTime":1770138770219,"endTime":1770138770223.1045,"status":"passed","message":"","name":"C:/Users/Usuario/Documents/GitHub/Sistema-EDO-Chelabs-v2/src/__tests__/lib/roles.test.ts"}],"coverageMap":{"C:\\Users\\Usuario\\Documents\\GitHub\\Sistema-EDO-Chelabs-v2\\src\\app\\actions\\configuracion.ts":{"path":"C:\\Users\\Usuario\\Documents\\GitHub\\Sistema-EDO-Chelabs-v2\\src\\app\\actions\\configuracion.ts","statementMap":{"0":{"start":{"line":16,"column":19},"end":{"line":16,"column":null}},"1":{"start":{"line":18,"column":26},"end":{"line":22,"column":null}},"2":{"start":{"line":24,"column":2},"end":{"line":26,"column":null}},"3":{"start":{"line":25,"column":4},"end":{"line":25,"column":null}},"4":{"start":{"line":28,"column":2},"end":{"line":28,"column":null}},"5":{"start":{"line":35,"column":17},"end":{"line":35,"column":null}},"6":{"start":{"line":36,"column":2},"end":{"line":38,"column":null}},"7":{"start":{"line":37,"column":4},"end":{"line":37,"column":null}},"8":{"start":{"line":39,"column":2},"end":{"line":39,"column":null}},"9":{"start":{"line":47,"column":19},"end":{"line":47,"column":null}},"10":{"start":{"line":50,"column":29},"end":{"line":50,"column":null}},"11":{"start":{"line":51,"column":2},"end":{"line":53,"column":null}},"12":{"start":{"line":52,"column":4},"end":{"line":52,"column":null}},"13":{"start":{"line":55,"column":28},"end":{"line":59,"column":null}},"14":{"start":{"line":61,"column":2},"end":{"line":63,"column":null}},"15":{"start":{"line":62,"column":4},"end":{"line":62,"column":null}},"16":{"start":{"line":65,"column":2},"end":{"line":67,"column":null}},"17":{"start":{"line":66,"column":4},"end":{"line":66,"column":null}},"18":{"start":{"line":69,"column":20},"end":{"line":72,"column":null}},"19":{"start":{"line":74,"column":2},"end":{"line":77,"column":null}},"20":{"start":{"line":75,"column":4},"end":{"line":75,"column":null}},"21":{"start":{"line":76,"column":4},"end":{"line":76,"column":null}},"22":{"start":{"line":79,"column":2},"end":{"line":79,"column":null}},"23":{"start":{"line":81,"column":2},"end":{"line":81,"column":null}},"24":{"start":{"line":88,"column":19},"end":{"line":88,"column":null}},"25":{"start":{"line":90,"column":26},"end":{"line":93,"column":null}},"26":{"start":{"line":95,"column":2},"end":{"line":97,"column":null}},"27":{"start":{"line":96,"column":4},"end":{"line":96,"column":null}},"28":{"start":{"line":99,"column":2},"end":{"line":99,"column":null}}},"fnMap":{"0":{"name":"getConfig","decl":{"start":{"line":15,"column":22},"end":{"line":15,"column":32}},"loc":{"start":{"line":15,"column":78},"end":{"line":29,"column":null}},"line":15},"1":{"name":"getCotizacionUR","decl":{"start":{"line":34,"column":22},"end":{"line":34,"column":57}},"loc":{"start":{"line":34,"column":57},"end":{"line":40,"column":null}},"line":34},"2":{"name":"updateCotizacionUR","decl":{"start":{"line":46,"column":22},"end":{"line":46,"column":41}},"loc":{"start":{"line":46,"column":79},"end":{"line":82,"column":null}},"line":46},"3":{"name":"getAllConfig","decl":{"start":{"line":87,"column":22},"end":{"line":87,"column":77}},"loc":{"start":{"line":87,"column":77},"end":{"line":100,"column":null}},"line":87}},"branchMap":{"0":{"loc":{"start":{"line":24,"column":2},"end":{"line":26,"column":null}},"type":"if","locations":[{"start":{"line":24,"column":2},"end":{"line":26,"column":null}},{"start":{},"end":{}}],"line":24},"1":{"loc":{"start":{"line":36,"column":2},"end":{"line":38,"column":null}},"type":"if","locations":[{"start":{"line":36,"column":2},"end":{"line":38,"column":null}},{"start":{},"end":{}}],"line":36},"2":{"loc":{"start":{"line":51,"column":2},"end":{"line":53,"column":null}},"type":"if","locations":[{"start":{"line":51,"column":2},"end":{"line":53,"column":null}},{"start":{},"end":{}}],"line":51},"3":{"loc":{"start":{"line":61,"column":2},"end":{"line":63,"column":null}},"type":"if","locations":[{"start":{"line":61,"column":2},"end":{"line":63,"column":null}},{"start":{},"end":{}}],"line":61},"4":{"loc":{"start":{"line":61,"column":6},"end":{"line":61,"column":69}},"type":"binary-expr","locations":[{"start":{"line":61,"column":6},"end":{"line":61,"column":18}},{"start":{"line":61,"column":18},"end":{"line":61,"column":69}}],"line":61},"5":{"loc":{"start":{"line":65,"column":2},"end":{"line":67,"column":null}},"type":"if","locations":[{"start":{"line":65,"column":2},"end":{"line":67,"column":null}},{"start":{},"end":{}}],"line":65},"6":{"loc":{"start":{"line":74,"column":2},"end":{"line":77,"column":null}},"type":"if","locations":[{"start":{"line":74,"column":2},"end":{"line":77,"column":null}},{"start":{},"end":{}}],"line":74},"7":{"loc":{"start":{"line":95,"column":2},"end":{"line":97,"column":null}},"type":"if","locations":[{"start":{"line":95,"column":2},"end":{"line":97,"column":null}},{"start":{},"end":{}}],"line":95}},"s":{"0":4,"1":4,"2":4,"3":2,"4":2,"5":2,"6":2,"7":1,"8":1,"9":3,"10":3,"11":3,"12":0,"13":3,"14":3,"15":1,"16":2,"17":1,"18":1,"19":1,"20":0,"21":0,"22":1,"23":1,"24":1,"25":1,"26":1,"27":0,"28":1},"f":{"0":4,"1":2,"2":3,"3":1},"b":{"0":[2,2],"1":[1,1],"2":[0,3],"3":[1,2],"4":[3,3],"5":[1,1],"6":[0,1],"7":[0,1]},"meta":{"lastBranch":8,"lastFunction":4,"lastStatement":29,"seen":{"f:15:22:15:32":0,"s:16:19:16:Infinity":0,"s:18:26:22:Infinity":1,"b:24:2:26:Infinity:undefined:undefined:undefined:undefined":0,"s:24:2:26:Infinity":2,"s:25:4:25:Infinity":3,"s:28:2:28:Infinity":4,"f:34:22:34:57":1,"s:35:17:35:Infinity":5,"b:36:2:38:Infinity:undefined:undefined:undefined:undefined":1,"s:36:2:38:Infinity":6,"s:37:4:37:Infinity":7,"s:39:2:39:Infinity":8,"f:46:22:46:41":2,"s:47:19:47:Infinity":9,"s:50:29:50:Infinity":10,"b:51:2:53:Infinity:undefined:undefined:undefined:undefined":2,"s:51:2:53:Infinity":11,"s:52:4:52:Infinity":12,"s:55:28:59:Infinity":13,"b:61:2:63:Infinity:undefined:undefined:undefined:undefined":3,"s:61:2:63:Infinity":14,"b:61:6:61:18:61:18:61:69":4,"s:62:4:62:Infinity":15,"b:65:2:67:Infinity:undefined:undefined:undefined:undefined":5,"s:65:2:67:Infinity":16,"s:66:4:66:Infinity":17,"s:69:20:72:Infinity":18,"b:74:2:77:Infinity:undefined:undefined:undefined:undefined":6,"s:74:2:77:Infinity":19,"s:75:4:75:Infinity":20,"s:76:4:76:Infinity":21,"s:79:2:79:Infinity":22,"s:81:2:81:Infinity":23,"f:87:22:87:77":3,"s:88:19:88:Infinity":24,"s:90:26:93:Infinity":25,"b:95:2:97:Infinity:undefined:undefined:undefined:undefined":7,"s:95:2:97:Infinity":26,"s:96:4:96:Infinity":27,"s:99:2:99:Infinity":28}}},"C:\\Users\\Usuario\\Documents\\GitHub\\Sistema-EDO-Chelabs-v2\\src\\app\\actions\\auth.ts":{"path":"C:\\Users\\Usuario\\Documents\\GitHub\\Sistema-EDO-Chelabs-v2\\src\\app\\actions\\auth.ts","statementMap":{"0":{"start":{"line":17,"column":52},"end":{"line":26,"column":null}},"1":{"start":{"line":28,"column":2},"end":{"line":28,"column":null}},"2":{"start":{"line":36,"column":16},"end":{"line":36,"column":null}},"3":{"start":{"line":37,"column":19},"end":{"line":37,"column":null}},"4":{"start":{"line":39,"column":2},"end":{"line":44,"column":null}},"5":{"start":{"line":40,"column":4},"end":{"line":43,"column":null}},"6":{"start":{"line":47,"column":19},"end":{"line":47,"column":null}},"7":{"start":{"line":48,"column":23},"end":{"line":48,"column":null}},"8":{"start":{"line":49,"column":26},"end":{"line":49,"column":null}},"9":{"start":{"line":51,"column":2},"end":{"line":56,"column":null}},"10":{"start":{"line":52,"column":4},"end":{"line":55,"column":null}},"11":{"start":{"line":58,"column":19},"end":{"line":58,"column":null}},"12":{"start":{"line":60,"column":20},"end":{"line":63,"column":null}},"13":{"start":{"line":65,"column":2},"end":{"line":70,"column":null}},"14":{"start":{"line":66,"column":4},"end":{"line":69,"column":null}},"15":{"start":{"line":72,"column":2},"end":{"line":72,"column":null}},"16":{"start":{"line":73,"column":2},"end":{"line":73,"column":null}},"17":{"start":{"line":80,"column":19},"end":{"line":80,"column":null}},"18":{"start":{"line":81,"column":2},"end":{"line":81,"column":null}},"19":{"start":{"line":82,"column":2},"end":{"line":82,"column":null}},"20":{"start":{"line":83,"column":2},"end":{"line":83,"column":null}},"21":{"start":{"line":93,"column":19},"end":{"line":93,"column":null}},"22":{"start":{"line":97,"column":6},"end":{"line":97,"column":null}},"23":{"start":{"line":99,"column":2},"end":{"line":101,"column":null}},"24":{"start":{"line":100,"column":4},"end":{"line":100,"column":null}},"25":{"start":{"line":104,"column":28},"end":{"line":108,"column":null}},"26":{"start":{"line":110,"column":2},"end":{"line":113,"column":null}},"27":{"start":{"line":122,"column":22},"end":{"line":122,"column":null}},"28":{"start":{"line":124,"column":2},"end":{"line":126,"column":null}},"29":{"start":{"line":125,"column":4},"end":{"line":125,"column":null}},"30":{"start":{"line":128,"column":2},"end":{"line":128,"column":null}}},"fnMap":{"0":{"name":"translateError","decl":{"start":{"line":16,"column":9},"end":{"line":16,"column":24}},"loc":{"start":{"line":16,"column":54},"end":{"line":29,"column":null}},"line":16},"1":{"name":"signIn","decl":{"start":{"line":35,"column":22},"end":{"line":35,"column":29}},"loc":{"start":{"line":35,"column":70},"end":{"line":74,"column":null}},"line":35},"2":{"name":"signOut","decl":{"start":{"line":79,"column":22},"end":{"line":79,"column":47}},"loc":{"start":{"line":79,"column":47},"end":{"line":84,"column":null}},"line":79},"3":{"name":"getCurrentUser","decl":{"start":{"line":89,"column":22},"end":{"line":89,"column":null}},"loc":{"start":{"line":92,"column":10},"end":{"line":114,"column":null}},"line":92},"4":{"name":"hasRole","decl":{"start":{"line":119,"column":22},"end":{"line":119,"column":null}},"loc":{"start":{"line":121,"column":20},"end":{"line":129,"column":null}},"line":121}},"branchMap":{"0":{"loc":{"start":{"line":28,"column":9},"end":{"line":28,"column":null}},"type":"binary-expr","locations":[{"start":{"line":28,"column":9},"end":{"line":28,"column":44}},{"start":{"line":28,"column":44},"end":{"line":28,"column":null}}],"line":28},"1":{"loc":{"start":{"line":39,"column":2},"end":{"line":44,"column":null}},"type":"if","locations":[{"start":{"line":39,"column":2},"end":{"line":44,"column":null}},{"start":{},"end":{}}],"line":39},"2":{"loc":{"start":{"line":39,"column":6},"end":{"line":39,"column":27}},"type":"binary-expr","locations":[{"start":{"line":39,"column":6},"end":{"line":39,"column":16}},{"start":{"line":39,"column":16},"end":{"line":39,"column":27}}],"line":39},"3":{"loc":{"start":{"line":51,"column":2},"end":{"line":56,"column":null}},"type":"if","locations":[{"start":{"line":51,"column":2},"end":{"line":56,"column":null}},{"start":{},"end":{}}],"line":51},"4":{"loc":{"start":{"line":54,"column":13},"end":{"line":54,"column":null}},"type":"binary-expr","locations":[{"start":{"line":54,"column":13},"end":{"line":54,"column":38}},{"start":{"line":54,"column":38},"end":{"line":54,"column":null}}],"line":54},"5":{"loc":{"start":{"line":65,"column":2},"end":{"line":70,"column":null}},"type":"if","locations":[{"start":{"line":65,"column":2},"end":{"line":70,"column":null}},{"start":{},"end":{}}],"line":65},"6":{"loc":{"start":{"line":99,"column":2},"end":{"line":101,"column":null}},"type":"if","locations":[{"start":{"line":99,"column":2},"end":{"line":101,"column":null}},{"start":{},"end":{}}],"line":99},"7":{"loc":{"start":{"line":124,"column":2},"end":{"line":126,"column":null}},"type":"if","locations":[{"start":{"line":124,"column":2},"end":{"line":126,"column":null}},{"start":{},"end":{}}],"line":124}},"s":{"0":1,"1":1,"2":4,"3":4,"4":4,"5":1,"6":3,"7":3,"8":3,"9":3,"10":1,"11":2,"12":2,"13":2,"14":1,"15":1,"16":1,"17":1,"18":1,"19":1,"20":1,"21":4,"22":4,"23":4,"24":1,"25":3,"26":3,"27":2,"28":2,"29":0,"30":2},"f":{"0":1,"1":4,"2":1,"3":4,"4":2},"b":{"0":[1,0],"1":[1,3],"2":[4,3],"3":[1,2],"4":[1,0],"5":[1,1],"6":[1,3],"7":[0,2]},"meta":{"lastBranch":8,"lastFunction":5,"lastStatement":31,"seen":{"f:16:9:16:24":0,"s:17:52:26:Infinity":0,"s:28:2:28:Infinity":1,"b:28:9:28:44:28:44:28:Infinity":0,"f:35:22:35:29":1,"s:36:16:36:Infinity":2,"s:37:19:37:Infinity":3,"b:39:2:44:Infinity:undefined:undefined:undefined:undefined":1,"s:39:2:44:Infinity":4,"b:39:6:39:16:39:16:39:27":2,"s:40:4:43:Infinity":5,"s:47:19:47:Infinity":6,"s:48:23:48:Infinity":7,"s:49:26:49:Infinity":8,"b:51:2:56:Infinity:undefined:undefined:undefined:undefined":3,"s:51:2:56:Infinity":9,"s:52:4:55:Infinity":10,"b:54:13:54:38:54:38:54:Infinity":4,"s:58:19:58:Infinity":11,"s:60:20:63:Infinity":12,"b:65:2:70:Infinity:undefined:undefined:undefined:undefined":5,"s:65:2:70:Infinity":13,"s:66:4:69:Infinity":14,"s:72:2:72:Infinity":15,"s:73:2:73:Infinity":16,"f:79:22:79:47":2,"s:80:19:80:Infinity":17,"s:81:2:81:Infinity":18,"s:82:2:82:Infinity":19,"s:83:2:83:Infinity":20,"f:89:22:89:Infinity":3,"s:93:19:93:Infinity":21,"s:97:6:97:Infinity":22,"b:99:2:101:Infinity:undefined:undefined:undefined:undefined":6,"s:99:2:101:Infinity":23,"s:100:4:100:Infinity":24,"s:104:28:108:Infinity":25,"s:110:2:113:Infinity":26,"f:119:22:119:Infinity":4,"s:122:22:122:Infinity":27,"b:124:2:126:Infinity:undefined:undefined:undefined:undefined":7,"s:124:2:126:Infinity":28,"s:125:4:125:Infinity":29,"s:128:2:128:Infinity":30}}},"C:\\Users\\Usuario\\Documents\\GitHub\\Sistema-EDO-Chelabs-v2\\src\\app\\actions\\consumo-materiales.ts":{"path":"C:\\Users\\Usuario\\Documents\\GitHub\\Sistema-EDO-Chelabs-v2\\src\\app\\actions\\consumo-materiales.ts","statementMap":{"0":{"start":{"line":41,"column":2},"end":{"line":43,"column":null}},"1":{"start":{"line":42,"column":4},"end":{"line":42,"column":null}},"2":{"start":{"line":45,"column":19},"end":{"line":45,"column":null}},"3":{"start":{"line":48,"column":29},"end":{"line":48,"column":null}},"4":{"start":{"line":49,"column":2},"end":{"line":51,"column":null}},"5":{"start":{"line":50,"column":4},"end":{"line":50,"column":null}},"6":{"start":{"line":54,"column":28},"end":{"line":58,"column":null}},"7":{"start":{"line":60,"column":2},"end":{"line":62,"column":null}},"8":{"start":{"line":61,"column":4},"end":{"line":61,"column":null}},"9":{"start":{"line":65,"column":2},"end":{"line":67,"column":null}},"10":{"start":{"line":66,"column":4},"end":{"line":66,"column":null}},"11":{"start":{"line":70,"column":29},"end":{"line":75,"column":null}},"12":{"start":{"line":77,"column":2},"end":{"line":98,"column":null}},"13":{"start":{"line":79,"column":35},"end":{"line":86,"column":null}},"14":{"start":{"line":88,"column":4},"end":{"line":91,"column":null}},"15":{"start":{"line":89,"column":6},"end":{"line":89,"column":null}},"16":{"start":{"line":90,"column":6},"end":{"line":90,"column":null}},"17":{"start":{"line":94,"column":4},"end":{"line":94,"column":null}},"18":{"start":{"line":96,"column":4},"end":{"line":96,"column":null}},"19":{"start":{"line":97,"column":4},"end":{"line":97,"column":null}},"20":{"start":{"line":101,"column":26},"end":{"line":112,"column":null}},"21":{"start":{"line":114,"column":2},"end":{"line":117,"column":null}},"22":{"start":{"line":115,"column":4},"end":{"line":115,"column":null}},"23":{"start":{"line":116,"column":4},"end":{"line":116,"column":null}},"24":{"start":{"line":120,"column":2},"end":{"line":120,"column":null}},"25":{"start":{"line":122,"column":2},"end":{"line":122,"column":null}},"26":{"start":{"line":123,"column":2},"end":{"line":123,"column":null}},"27":{"start":{"line":130,"column":19},"end":{"line":130,"column":null}},"28":{"start":{"line":132,"column":36},"end":{"line":149,"column":null}},"29":{"start":{"line":151,"column":2},"end":{"line":154,"column":null}},"30":{"start":{"line":152,"column":4},"end":{"line":152,"column":null}},"31":{"start":{"line":153,"column":4},"end":{"line":153,"column":null}},"32":{"start":{"line":157,"column":32},"end":{"line":181,"column":null}},"33":{"start":{"line":158,"column":23},"end":{"line":160,"column":null}},"34":{"start":{"line":161,"column":23},"end":{"line":163,"column":null}},"35":{"start":{"line":165,"column":4},"end":{"line":180,"column":null}},"36":{"start":{"line":183,"column":2},"end":{"line":183,"column":null}},"37":{"start":{"line":194,"column":19},"end":{"line":194,"column":null}},"38":{"start":{"line":197,"column":29},"end":{"line":197,"column":null}},"39":{"start":{"line":198,"column":2},"end":{"line":200,"column":null}},"40":{"start":{"line":199,"column":4},"end":{"line":199,"column":null}},"41":{"start":{"line":202,"column":20},"end":{"line":205,"column":null}},"42":{"start":{"line":207,"column":2},"end":{"line":210,"column":null}},"43":{"start":{"line":208,"column":4},"end":{"line":208,"column":null}},"44":{"start":{"line":209,"column":4},"end":{"line":209,"column":null}},"45":{"start":{"line":213,"column":2},"end":{"line":213,"column":null}},"46":{"start":{"line":215,"column":2},"end":{"line":215,"column":null}},"47":{"start":{"line":216,"column":2},"end":{"line":216,"column":null}},"48":{"start":{"line":231,"column":19},"end":{"line":231,"column":null}},"49":{"start":{"line":234,"column":47},"end":{"line":246,"column":null}},"50":{"start":{"line":248,"column":2},"end":{"line":251,"column":null}},"51":{"start":{"line":249,"column":4},"end":{"line":249,"column":null}},"52":{"start":{"line":250,"column":4},"end":{"line":250,"column":null}},"53":{"start":{"line":254,"column":29},"end":{"line":257,"column":null}},"54":{"start":{"line":259,"column":21},"end":{"line":261,"column":null}},"55":{"start":{"line":260,"column":25},"end":{"line":260,"column":60}},"56":{"start":{"line":263,"column":17},"end":{"line":280,"column":null}},"57":{"start":{"line":264,"column":19},"end":{"line":264,"column":null}},"58":{"start":{"line":271,"column":4},"end":{"line":279,"column":null}},"59":{"start":{"line":282,"column":2},"end":{"line":282,"column":null}}},"fnMap":{"0":{"name":"registerConsumo","decl":{"start":{"line":40,"column":22},"end":{"line":40,"column":38}},"loc":{"start":{"line":40,"column":106},"end":{"line":124,"column":null}},"line":40},"1":{"name":"getConsumosByOT","decl":{"start":{"line":129,"column":22},"end":{"line":129,"column":38}},"loc":{"start":{"line":129,"column":95},"end":{"line":184,"column":null}},"line":129},"2":{"name":"(anonymous_2)","decl":{"start":{"line":157,"column":45},"end":{"line":157,"column":46}},"loc":{"start":{"line":157,"column":52},"end":{"line":181,"column":3}},"line":157},"3":{"name":"deleteConsumo","decl":{"start":{"line":189,"column":22},"end":{"line":189,"column":null}},"loc":{"start":{"line":193,"column":25},"end":{"line":217,"column":null}},"line":193},"4":{"name":"getInsumosEstimadosParaConsumo","decl":{"start":{"line":222,"column":22},"end":{"line":222,"column":53}},"loc":{"start":{"line":230,"column":5},"end":{"line":283,"column":null}},"line":230},"5":{"name":"(anonymous_5)","decl":{"start":{"line":260,"column":18},"end":{"line":260,"column":19}},"loc":{"start":{"line":260,"column":25},"end":{"line":260,"column":60}},"line":260},"6":{"name":"(anonymous_6)","decl":{"start":{"line":263,"column":31},"end":{"line":263,"column":32}},"loc":{"start":{"line":263,"column":38},"end":{"line":280,"column":3}},"line":263}},"branchMap":{"0":{"loc":{"start":{"line":41,"column":2},"end":{"line":43,"column":null}},"type":"if","locations":[{"start":{"line":41,"column":2},"end":{"line":43,"column":null}},{"start":{},"end":{}}],"line":41},"1":{"loc":{"start":{"line":49,"column":2},"end":{"line":51,"column":null}},"type":"if","locations":[{"start":{"line":49,"column":2},"end":{"line":51,"column":null}},{"start":{},"end":{}}],"line":49},"2":{"loc":{"start":{"line":60,"column":2},"end":{"line":62,"column":null}},"type":"if","locations":[{"start":{"line":60,"column":2},"end":{"line":62,"column":null}},{"start":{},"end":{}}],"line":60},"3":{"loc":{"start":{"line":65,"column":2},"end":{"line":67,"column":null}},"type":"if","locations":[{"start":{"line":65,"column":2},"end":{"line":67,"column":null}},{"start":{},"end":{}}],"line":65},"4":{"loc":{"start":{"line":77,"column":2},"end":{"line":98,"column":null}},"type":"if","locations":[{"start":{"line":77,"column":2},"end":{"line":98,"column":null}},{"start":{},"end":{}}],"line":77},"5":{"loc":{"start":{"line":83,"column":15},"end":{"line":83,"column":null}},"type":"binary-expr","locations":[{"start":{"line":83,"column":15},"end":{"line":83,"column":30}},{"start":{"line":83,"column":30},"end":{"line":83,"column":null}}],"line":83},"6":{"loc":{"start":{"line":88,"column":4},"end":{"line":91,"column":null}},"type":"if","locations":[{"start":{"line":88,"column":4},"end":{"line":91,"column":null}},{"start":{},"end":{}}],"line":88},"7":{"loc":{"start":{"line":107,"column":25},"end":{"line":107,"column":null}},"type":"binary-expr","locations":[{"start":{"line":107,"column":25},"end":{"line":107,"column":52}},{"start":{"line":107,"column":52},"end":{"line":107,"column":null}}],"line":107},"8":{"loc":{"start":{"line":108,"column":13},"end":{"line":108,"column":null}},"type":"binary-expr","locations":[{"start":{"line":108,"column":13},"end":{"line":108,"column":28}},{"start":{"line":108,"column":28},"end":{"line":108,"column":null}}],"line":108},"9":{"loc":{"start":{"line":114,"column":2},"end":{"line":117,"column":null}},"type":"if","locations":[{"start":{"line":114,"column":2},"end":{"line":117,"column":null}},{"start":{},"end":{}}],"line":114},"10":{"loc":{"start":{"line":151,"column":2},"end":{"line":154,"column":null}},"type":"if","locations":[{"start":{"line":151,"column":2},"end":{"line":154,"column":null}},{"start":{},"end":{}}],"line":151},"11":{"loc":{"start":{"line":158,"column":23},"end":{"line":160,"column":null}},"type":"cond-expr","locations":[{"start":{"line":159,"column":8},"end":{"line":159,"column":null}},{"start":{"line":160,"column":8},"end":{"line":160,"column":null}}],"line":158},"12":{"loc":{"start":{"line":161,"column":23},"end":{"line":163,"column":null}},"type":"cond-expr","locations":[{"start":{"line":162,"column":9},"end":{"line":162,"column":null}},{"start":{"line":163,"column":8},"end":{"line":163,"column":null}}],"line":161},"13":{"loc":{"start":{"line":161,"column":23},"end":{"line":161,"column":null}},"type":"binary-expr","locations":[{"start":{"line":161,"column":23},"end":{"line":161,"column":46}},{"start":{"line":161,"column":46},"end":{"line":161,"column":null}}],"line":161},"14":{"loc":{"start":{"line":198,"column":2},"end":{"line":200,"column":null}},"type":"if","locations":[{"start":{"line":198,"column":2},"end":{"line":200,"column":null}},{"start":{},"end":{}}],"line":198},"15":{"loc":{"start":{"line":207,"column":2},"end":{"line":210,"column":null}},"type":"if","locations":[{"start":{"line":207,"column":2},"end":{"line":210,"column":null}},{"start":{},"end":{}}],"line":207},"16":{"loc":{"start":{"line":248,"column":2},"end":{"line":251,"column":null}},"type":"if","locations":[{"start":{"line":248,"column":2},"end":{"line":251,"column":null}},{"start":{},"end":{}}],"line":248},"17":{"loc":{"start":{"line":260,"column":4},"end":{"line":260,"column":null}},"type":"binary-expr","locations":[{"start":{"line":260,"column":4},"end":{"line":260,"column":65}},{"start":{"line":260,"column":65},"end":{"line":260,"column":null}}],"line":260},"18":{"loc":{"start":{"line":278,"column":26},"end":{"line":278,"column":null}},"type":"binary-expr","locations":[{"start":{"line":278,"column":26},"end":{"line":278,"column":57}},{"start":{"line":278,"column":57},"end":{"line":278,"column":null}}],"line":278}},"s":{"0":3,"1":1,"2":2,"3":2,"4":2,"5":1,"6":1,"7":1,"8":0,"9":1,"10":0,"11":1,"12":1,"13":0,"14":0,"15":0,"16":0,"17":0,"18":0,"19":0,"20":1,"21":1,"22":0,"23":0,"24":1,"25":1,"26":1,"27":2,"28":2,"29":2,"30":0,"31":0,"32":2,"33":1,"34":1,"35":1,"36":2,"37":0,"38":0,"39":0,"40":0,"41":0,"42":0,"43":0,"44":0,"45":0,"46":0,"47":0,"48":0,"49":0,"50":0,"51":0,"52":0,"53":0,"54":0,"55":0,"56":0,"57":0,"58":0,"59":0},"f":{"0":3,"1":2,"2":1,"3":0,"4":0,"5":0,"6":0},"b":{"0":[1,2],"1":[1,1],"2":[0,1],"3":[0,1],"4":[0,1],"5":[0,0],"6":[0,0],"7":[1,1],"8":[3,1],"9":[0,1],"10":[0,2],"11":[1,0],"12":[1,0],"13":[1,1],"14":[0,0],"15":[0,0],"16":[0,0],"17":[0,0],"18":[0,0]},"meta":{"lastBranch":19,"lastFunction":7,"lastStatement":60,"seen":{"f:40:22:40:38":0,"b:41:2:43:Infinity:undefined:undefined:undefined:undefined":0,"s:41:2:43:Infinity":0,"s:42:4:42:Infinity":1,"s:45:19:45:Infinity":2,"s:48:29:48:Infinity":3,"b:49:2:51:Infinity:undefined:undefined:undefined:undefined":1,"s:49:2:51:Infinity":4,"s:50:4:50:Infinity":5,"s:54:28:58:Infinity":6,"b:60:2:62:Infinity:undefined:undefined:undefined:undefined":2,"s:60:2:62:Infinity":7,"s:61:4:61:Infinity":8,"b:65:2:67:Infinity:undefined:undefined:undefined:undefined":3,"s:65:2:67:Infinity":9,"s:66:4:66:Infinity":10,"s:70:29:75:Infinity":11,"b:77:2:98:Infinity:undefined:undefined:undefined:undefined":4,"s:77:2:98:Infinity":12,"s:79:35:86:Infinity":13,"b:83:15:83:30:83:30:83:Infinity":5,"b:88:4:91:Infinity:undefined:undefined:undefined:undefined":6,"s:88:4:91:Infinity":14,"s:89:6:89:Infinity":15,"s:90:6:90:Infinity":16,"s:94:4:94:Infinity":17,"s:96:4:96:Infinity":18,"s:97:4:97:Infinity":19,"s:101:26:112:Infinity":20,"b:107:25:107:52:107:52:107:Infinity":7,"b:108:13:108:28:108:28:108:Infinity":8,"b:114:2:117:Infinity:undefined:undefined:undefined:undefined":9,"s:114:2:117:Infinity":21,"s:115:4:115:Infinity":22,"s:116:4:116:Infinity":23,"s:120:2:120:Infinity":24,"s:122:2:122:Infinity":25,"s:123:2:123:Infinity":26,"f:129:22:129:38":1,"s:130:19:130:Infinity":27,"s:132:36:149:Infinity":28,"b:151:2:154:Infinity:undefined:undefined:undefined:undefined":10,"s:151:2:154:Infinity":29,"s:152:4:152:Infinity":30,"s:153:4:153:Infinity":31,"s:157:32:181:Infinity":32,"f:157:45:157:46":2,"s:158:23:160:Infinity":33,"b:159:8:159:Infinity:160:8:160:Infinity":11,"s:161:23:163:Infinity":34,"b:162:9:162:Infinity:163:8:163:Infinity":12,"b:161:23:161:46:161:46:161:Infinity":13,"s:165:4:180:Infinity":35,"s:183:2:183:Infinity":36,"f:189:22:189:Infinity":3,"s:194:19:194:Infinity":37,"s:197:29:197:Infinity":38,"b:198:2:200:Infinity:undefined:undefined:undefined:undefined":14,"s:198:2:200:Infinity":39,"s:199:4:199:Infinity":40,"s:202:20:205:Infinity":41,"b:207:2:210:Infinity:undefined:undefined:undefined:undefined":15,"s:207:2:210:Infinity":42,"s:208:4:208:Infinity":43,"s:209:4:209:Infinity":44,"s:213:2:213:Infinity":45,"s:215:2:215:Infinity":46,"s:216:2:216:Infinity":47,"f:222:22:222:53":4,"s:231:19:231:Infinity":48,"s:234:47:246:Infinity":49,"b:248:2:251:Infinity:undefined:undefined:undefined:undefined":16,"s:248:2:251:Infinity":50,"s:249:4:249:Infinity":51,"s:250:4:250:Infinity":52,"s:254:29:257:Infinity":53,"s:259:21:261:Infinity":54,"b:260:4:260:65:260:65:260:Infinity":17,"f:260:18:260:19":5,"s:260:25:260:60":55,"s:263:17:280:Infinity":56,"f:263:31:263:32":6,"s:264:19:264:Infinity":57,"s:271:4:279:Infinity":58,"b:278:26:278:57:278:57:278:Infinity":18,"s:282:2:282:Infinity":59}}},"C:\\Users\\Usuario\\Documents\\GitHub\\Sistema-EDO-Chelabs-v2\\src\\app\\actions\\costos.ts":{"path":"C:\\Users\\Usuario\\Documents\\GitHub\\Sistema-EDO-Chelabs-v2\\src\\app\\actions\\costos.ts","statementMap":{"0":{"start":{"line":32,"column":19},"end":{"line":32,"column":null}},"1":{"start":{"line":35,"column":51},"end":{"line":48,"column":null}},"2":{"start":{"line":50,"column":2},"end":{"line":53,"column":null}},"3":{"start":{"line":51,"column":4},"end":{"line":51,"column":null}},"4":{"start":{"line":52,"column":4},"end":{"line":52,"column":null}},"5":{"start":{"line":55,"column":2},"end":{"line":63,"column":null}},"6":{"start":{"line":56,"column":4},"end":{"line":62,"column":null}},"7":{"start":{"line":66,"column":29},"end":{"line":74,"column":null}},"8":{"start":{"line":77,"column":20},"end":{"line":77,"column":null}},"9":{"start":{"line":78,"column":2},"end":{"line":98,"column":null}},"10":{"start":{"line":80,"column":29},"end":{"line":80,"column":null}},"11":{"start":{"line":82,"column":4},"end":{"line":91,"column":null}},"12":{"start":{"line":83,"column":23},"end":{"line":83,"column":null}},"13":{"start":{"line":84,"column":18},"end":{"line":84,"column":null}},"14":{"start":{"line":85,"column":12},"end":{"line":85,"column":null}},"15":{"start":{"line":87,"column":6},"end":{"line":90,"column":null}},"16":{"start":{"line":93,"column":4},"end":{"line":97,"column":null}},"17":{"start":{"line":94,"column":6},"end":{"line":96,"column":null}},"18":{"start":{"line":95,"column":8},"end":{"line":95,"column":null}},"19":{"start":{"line":101,"column":18},"end":{"line":101,"column":null}},"20":{"start":{"line":102,"column":48},"end":{"line":102,"column":null}},"21":{"start":{"line":104,"column":2},"end":{"line":138,"column":null}},"22":{"start":{"line":105,"column":19},"end":{"line":105,"column":null}},"23":{"start":{"line":112,"column":4},"end":{"line":112,"column":null}},"24":{"start":{"line":112,"column":17},"end":{"line":112,"column":null}},"25":{"start":{"line":114,"column":30},"end":{"line":114,"column":null}},"26":{"start":{"line":117,"column":25},"end":{"line":117,"column":null}},"27":{"start":{"line":118,"column":40},"end":{"line":118,"column":null}},"28":{"start":{"line":120,"column":4},"end":{"line":125,"column":null}},"29":{"start":{"line":121,"column":6},"end":{"line":121,"column":null}},"30":{"start":{"line":122,"column":6},"end":{"line":122,"column":null}},"31":{"start":{"line":124,"column":6},"end":{"line":124,"column":null}},"32":{"start":{"line":127,"column":21},"end":{"line":127,"column":null}},"33":{"start":{"line":128,"column":4},"end":{"line":128,"column":null}},"34":{"start":{"line":130,"column":4},"end":{"line":137,"column":null}},"35":{"start":{"line":140,"column":2},"end":{"line":146,"column":null}},"36":{"start":{"line":154,"column":19},"end":{"line":154,"column":null}},"37":{"start":{"line":157,"column":21},"end":{"line":157,"column":null}},"38":{"start":{"line":159,"column":2},"end":{"line":161,"column":null}},"39":{"start":{"line":160,"column":4},"end":{"line":160,"column":null}},"40":{"start":{"line":163,"column":23},"end":{"line":163,"column":null}},"41":{"start":{"line":166,"column":33},"end":{"line":172,"column":null}},"42":{"start":{"line":174,"column":2},"end":{"line":177,"column":null}},"43":{"start":{"line":175,"column":4},"end":{"line":175,"column":null}},"44":{"start":{"line":176,"column":4},"end":{"line":176,"column":null}},"45":{"start":{"line":180,"column":23},"end":{"line":184,"column":null}},"46":{"start":{"line":186,"column":2},"end":{"line":190,"column":null}},"47":{"start":{"line":187,"column":4},"end":{"line":187,"column":null}},"48":{"start":{"line":188,"column":4},"end":{"line":188,"column":null}},"49":{"start":{"line":189,"column":4},"end":{"line":189,"column":null}},"50":{"start":{"line":192,"column":2},"end":{"line":192,"column":null}},"51":{"start":{"line":205,"column":19},"end":{"line":205,"column":null}},"52":{"start":{"line":208,"column":39},"end":{"line":212,"column":null}},"53":{"start":{"line":214,"column":2},"end":{"line":216,"column":null}},"54":{"start":{"line":215,"column":4},"end":{"line":215,"column":null}},"55":{"start":{"line":219,"column":21},"end":{"line":219,"column":null}},"56":{"start":{"line":221,"column":2},"end":{"line":223,"column":null}},"57":{"start":{"line":222,"column":4},"end":{"line":222,"column":null}},"58":{"start":{"line":225,"column":24},"end":{"line":225,"column":null}},"59":{"start":{"line":226,"column":20},"end":{"line":226,"column":null}},"60":{"start":{"line":227,"column":17},"end":{"line":227,"column":null}},"61":{"start":{"line":228,"column":27},"end":{"line":230,"column":null}},"62":{"start":{"line":232,"column":2},"end":{"line":241,"column":null}},"63":{"start":{"line":260,"column":19},"end":{"line":260,"column":null}},"64":{"start":{"line":263,"column":47},"end":{"line":268,"column":null}},"65":{"start":{"line":270,"column":2},"end":{"line":272,"column":null}},"66":{"start":{"line":271,"column":4},"end":{"line":271,"column":null}},"67":{"start":{"line":274,"column":2},"end":{"line":276,"column":null}},"68":{"start":{"line":275,"column":4},"end":{"line":275,"column":null}},"69":{"start":{"line":279,"column":41},"end":{"line":284,"column":null}},"70":{"start":{"line":286,"column":2},"end":{"line":288,"column":null}},"71":{"start":{"line":287,"column":4},"end":{"line":287,"column":null}},"72":{"start":{"line":291,"column":19},"end":{"line":295,"column":null}},"73":{"start":{"line":297,"column":2},"end":{"line":309,"column":null}},"74":{"start":{"line":298,"column":21},"end":{"line":302,"column":null}},"75":{"start":{"line":304,"column":4},"end":{"line":308,"column":null}},"76":{"start":{"line":312,"column":42},"end":{"line":343,"column":null}},"77":{"start":{"line":313,"column":23},"end":{"line":317,"column":null}},"78":{"start":{"line":319,"column":19},"end":{"line":319,"column":null}},"79":{"start":{"line":320,"column":29},"end":{"line":322,"column":null}},"80":{"start":{"line":325,"column":45},"end":{"line":325,"column":null}},"81":{"start":{"line":326,"column":4},"end":{"line":330,"column":null}},"82":{"start":{"line":327,"column":6},"end":{"line":327,"column":null}},"83":{"start":{"line":328,"column":4},"end":{"line":330,"column":null}},"84":{"start":{"line":329,"column":6},"end":{"line":329,"column":null}},"85"
[...]
y:undefined:undefined:undefined:undefined":2,"s:20:2:20:Infinity":2,"s:20:24:20:Infinity":3,"s:21:2:21:Infinity":4,"f:27:16:27:28":2,"b:28:2:28:Infinity:undefined:undefined:undefined:undefined":3,"s:28:2:28:Infinity":5,"b:28:6:28:25:28:25:28:47":4,"s:28:47:28:Infinity":6,"s:29:2:32:Infinity":7,"f:38:16:38:25":3,"b:39:2:39:Infinity:undefined:undefined:undefined:undefined":5,"s:39:2:39:Infinity":8,"b:39:6:39:25:39:25:39:47":6,"s:39:47:39:Infinity":9,"s:40:2:43:Infinity":10,"f:49:16:49:Infinity":4,"b:51:23:51:Infinity":7,"b:53:2:53:Infinity:undefined:undefined:undefined:undefined":8,"s:53:2:53:Infinity":11,"b:53:6:53:27:53:27:53:51":9,"s:53:51:53:Infinity":12,"s:54:16:54:Infinity":13,"s:55:2:55:Infinity":14}}},"C:\\Users\\Usuario\\Documents\\GitHub\\Sistema-EDO-Chelabs-v2\\src\\lib\\utils\\pagination.ts":{"path":"C:\\Users\\Usuario\\Documents\\GitHub\\Sistema-EDO-Chelabs-v2\\src\\lib\\utils\\pagination.ts","statementMap":{"0":{"start":{"line":39,"column":15},"end":{"line":39,"column":null}},"1":{"start":{"line":40,"column":19},"end":{"line":40,"column":null}},"2":{"start":{"line":42,"column":8},"end":{"line":42,"column":null}},"3":{"start":{"line":43,"column":13},"end":{"line":43,"column":null}},"4":{"start":{"line":45,"column":2},"end":{"line":45,"column":null}},"5":{"start":{"line":56,"column":21},"end":{"line":56,"column":null}},"6":{"start":{"line":58,"column":2},"end":{"line":65,"column":null}},"7":{"start":{"line":77,"column":2},"end":{"line":80,"column":null}}},"fnMap":{"0":{"name":"normalizePagination","decl":{"start":{"line":33,"column":16},"end":{"line":33,"column":36}},"loc":{"start":{"line":38,"column":2},"end":{"line":46,"column":null}},"line":38},"1":{"name":"buildPaginationMeta","decl":{"start":{"line":51,"column":16},"end":{"line":51,"column":null}},"loc":{"start":{"line":55,"column":42},"end":{"line":66,"column":null}},"line":55},"2":{"name":"createPaginatedResponse","decl":{"start":{"line":71,"column":16},"end":{"line":71,"column":null}},"loc":{"start":{"line":76,"column":24},"end":{"line":81,"column":null}},"line":76}},"branchMap":{"0":{"loc":{"start":{"line":33,"column":36},"end":{"line":33,"column":null}},"type":"default-arg","locations":[{"start":{"line":33,"column":63},"end":{"line":33,"column":null}}],"line":33},"1":{"loc":{"start":{"line":39,"column":27},"end":{"line":39,"column":43}},"type":"binary-expr","locations":[{"start":{"line":39,"column":27},"end":{"line":39,"column":42}},{"start":{"line":39,"column":42},"end":{"line":39,"column":43}}],"line":39},"2":{"loc":{"start":{"line":40,"column":55},"end":{"line":40,"column":91}},"type":"binary-expr","locations":[{"start":{"line":40,"column":55},"end":{"line":40,"column":74}},{"start":{"line":40,"column":74},"end":{"line":40,"column":91}}],"line":40}},"s":{"0":1,"1":1,"2":1,"3":1,"4":1,"5":1,"6":1,"7":1},"f":{"0":1,"1":1,"2":1},"b":{"0":[1],"1":[1,0],"2":[1,0]},"meta":{"lastBranch":3,"lastFunction":3,"lastStatement":8,"seen":{"f:33:16:33:36":0,"b:33:63:33:Infinity":0,"s:39:15:39:Infinity":0,"b:39:27:39:42:39:42:39:43":1,"s:40:19:40:Infinity":1,"b:40:55:40:74:40:74:40:91":2,"s:42:8:42:Infinity":2,"s:43:13:43:Infinity":3,"s:45:2:45:Infinity":4,"f:51:16:51:Infinity":1,"s:56:21:56:Infinity":5,"s:58:2:65:Infinity":6,"f:71:16:71:Infinity":2,"s:77:2:80:Infinity":7}}},"C:\\Users\\Usuario\\Documents\\GitHub\\Sistema-EDO-Chelabs-v2\\src\\lib\\utils\\ot-format.ts":{"path":"C:\\Users\\Usuario\\Documents\\GitHub\\Sistema-EDO-Chelabs-v2\\src\\lib\\utils\\ot-format.ts","statementMap":{"0":{"start":{"line":24,"column":47},"end":{"line":29,"column":null}},"1":{"start":{"line":49,"column":14},"end":{"line":49,"column":null}},"2":{"start":{"line":53,"column":2},"end":{"line":61,"column":null}},"3":{"start":{"line":54,"column":4},"end":{"line":54,"column":null}},"4":{"start":{"line":55,"column":2},"end":{"line":61,"column":null}},"5":{"start":{"line":56,"column":4},"end":{"line":56,"column":null}},"6":{"start":{"line":57,"column":2},"end":{"line":61,"column":null}},"7":{"start":{"line":58,"column":4},"end":{"line":58,"column":null}},"8":{"start":{"line":60,"column":4},"end":{"line":60,"column":null}},"9":{"start":{"line":64,"column":23},"end":{"line":64,"column":null}},"10":{"start":{"line":67,"column":16},"end":{"line":67,"column":null}},"11":{"start":{"line":68,"column":2},"end":{"line":70,"column":null}},"12":{"start":{"line":69,"column":4},"end":{"line":69,"column":null}},"13":{"start":{"line":71,"column":2},"end":{"line":71,"column":null}},"14":{"start":{"line":73,"column":2},"end":{"line":73,"column":null}},"15":{"start":{"line":89,"column":16},"end":{"line":89,"column":null}},"16":{"start":{"line":91,"column":2},"end":{"line":91,"column":null}},"17":{"start":{"line":91,"column":24},"end":{"line":91,"column":null}},"18":{"start":{"line":93,"column":17},"end":{"line":93,"column":null}},"19":{"start":{"line":94,"column":19},"end":{"line":94,"column":null}},"20":{"start":{"line":95,"column":17},"end":{"line":95,"column":null}},"21":{"start":{"line":97,"column":2},"end":{"line":97,"column":null}},"22":{"start":{"line":97,"column":21},"end":{"line":97,"column":null}},"23":{"start":{"line":100,"column":28},"end":{"line":100,"column":null}},"24":{"start":{"line":101,"column":2},"end":{"line":106,"column":null}},"25":{"start":{"line":102,"column":26},"end":{"line":102,"column":null}},"26":{"start":{"line":103,"column":4},"end":{"line":105,"column":null}},"27":{"start":{"line":104,"column":6},"end":{"line":104,"column":null}},"28":{"start":{"line":108,"column":2},"end":{"line":108,"column":null}},"29":{"start":{"line":124,"column":15},"end":{"line":124,"column":null}},"30":{"start":{"line":125,"column":2},"end":{"line":125,"column":null}},"31":{"start":{"line":140,"column":2},"end":{"line":140,"column":null}}},"fnMap":{"0":{"name":"formatOTCode","decl":{"start":{"line":44,"column":16},"end":{"line":44,"column":null}},"loc":{"start":{"line":48,"column":10},"end":{"line":74,"column":null}},"line":48},"1":{"name":"parseOTCode","decl":{"start":{"line":86,"column":16},"end":{"line":86,"column":null}},"loc":{"start":{"line":88,"column":66},"end":{"line":109,"column":null}},"line":88},"2":{"name":"getOTDisplayCode","decl":{"start":{"line":121,"column":16},"end":{"line":121,"column":null}},"loc":{"start":{"line":123,"column":10},"end":{"line":126,"column":null}},"line":123},"3":{"name":"formatOTNumber","decl":{"start":{"line":139,"column":16},"end":{"line":139,"column":31}},"loc":{"start":{"line":139,"column":78},"end":{"line":141,"column":null}},"line":139}},"branchMap":{"0":{"loc":{"start":{"line":53,"column":2},"end":{"line":61,"column":null}},"type":"if","locations":[{"start":{"line":53,"column":2},"end":{"line":61,"column":null}},{"start":{"line":55,"column":2},"end":{"line":61,"column":null}}],"line":53},"1":{"loc":{"start":{"line":55,"column":2},"end":{"line":61,"column":null}},"type":"if","locations":[{"start":{"line":55,"column":2},"end":{"line":61,"column":null}},{"start":{"line":57,"column":2},"end":{"line":61,"column":null}}],"line":55},"2":{"loc":{"start":{"line":57,"column":2},"end":{"line":61,"column":null}},"type":"if","locations":[{"start":{"line":57,"column":2},"end":{"line":61,"column":null}},{"start":{"line":59,"column":9},"end":{"line":61,"column":null}}],"line":57},"3":{"loc":{"start":{"line":68,"column":2},"end":{"line":70,"column":null}},"type":"if","locations":[{"start":{"line":68,"column":2},"end":{"line":70,"column":null}},{"start":{},"end":{}}],"line":68},"4":{"loc":{"start":{"line":91,"column":2},"end":{"line":91,"column":null}},"type":"if","locations":[{"start":{"line":91,"column":2},"end":{"line":91,"column":null}},{"start":{},"end":{}}],"line":91},"5":{"loc":{"start":{"line":97,"column":2},"end":{"line":97,"column":null}},"type":"if","locations":[{"start":{"line":97,"column":2},"end":{"line":97,"column":null}},{"start":{},"end":{}}],"line":97},"6":{"loc":{"start":{"line":101,"column":2},"end":{"line":106,"column":null}},"type":"if","locations":[{"start":{"line":101,"column":2},"end":{"line":106,"column":null}},{"start":{},"end":{}}],"line":101},"7":{"loc":{"start":{"line":103,"column":4},"end":{"line":105,"column":null}},"type":"if","locations":[{"start":{"line":103,"column":4},"end":{"line":105,"column":null}},{"start":{},"end":{}}],"line":103},"8":{"loc":{"start":{"line":103,"column":8},"end":{"line":103,"column":56}},"type":"binary-expr","locations":[{"start":{"line":103,"column":8},"end":{"line":103,"column":33}},{"start":{"line":103,"column":33},"end":{"line":103,"column":56}}],"line":103},"9":{"loc":{"start":{"line":124,"column":15},"end":{"line":124,"column":null}},"type":"cond-expr","locations":[{"start":{"line":124,"column":31},"end":{"line":124,"column":57}},{"start":{"line":124,"column":57},"end":{"line":124,"column":null}}],"line":124},"10":{"loc":{"start":{"line":139,"column":47},"end":{"line":139,"column":78}},"type":"default-arg","locations":[{"start":{"line":139,"column":67},"end":{"line":139,"column":78}}],"line":139}},"s":{"0":1,"1":21,"2":21,"3":4,"4":17,"5":1,"6":16,"7":15,"8":1,"9":21,"10":21,"11":21,"12":18,"13":21,"14":21,"15":9,"16":9,"17":3,"18":6,"19":6,"20":6,"21":6,"22":1,"23":5,"24":5,"25":3,"26":3,"27":3,"28":5,"29":3,"30":3,"31":8},"f":{"0":21,"1":9,"2":3,"3":8},"b":{"0":[4,17],"1":[1,16],"2":[15,1],"3":[18,3],"4":[3,6],"5":[1,5],"6":[3,2],"7":[3,0],"8":[3,3],"9":[1,2],"10":[8]},"meta":{"lastBranch":11,"lastFunction":4,"lastStatement":32,"seen":{"s:24:47:29:Infinity":0,"f:44:16:44:Infinity":0,"s:49:14:49:Infinity":1,"b:53:2:61:Infinity:55:2:61:Infinity":0,"s:53:2:61:Infinity":2,"s:54:4:54:Infinity":3,"b:55:2:61:Infinity:57:2:61:Infinity":1,"s:55:2:61:Infinity":4,"s:56:4:56:Infinity":5,"b:57:2:61:Infinity:59:9:61:Infinity":2,"s:57:2:61:Infinity":6,"s:58:4:58:Infinity":7,"s:60:4:60:Infinity":8,"s:64:23:64:Infinity":9,"s:67:16:67:Infinity":10,"b:68:2:70:Infinity:undefined:undefined:undefined:undefined":3,"s:68:2:70:Infinity":11,"s:69:4:69:Infinity":12,"s:71:2:71:Infinity":13,"s:73:2:73:Infinity":14,"f:86:16:86:Infinity":1,"s:89:16:89:Infinity":15,"b:91:2:91:Infinity:undefined:undefined:undefined:undefined":4,"s:91:2:91:Infinity":16,"s:91:24:91:Infinity":17,"s:93:17:93:Infinity":18,"s:94:19:94:Infinity":19,"s:95:17:95:Infinity":20,"b:97:2:97:Infinity:undefined:undefined:undefined:undefined":5,"s:97:2:97:Infinity":21,"s:97:21:97:Infinity":22,"s:100:28:100:Infinity":23,"b:101:2:106:Infinity:undefined:undefined:undefined:undefined":6,"s:101:2:106:Infinity":24,"s:102:26:102:Infinity":25,"b:103:4:105:Infinity:undefined:undefined:undefined:undefined":7,"s:103:4:105:Infinity":26,"b:103:8:103:33:103:33:103:56":8,"s:104:6:104:Infinity":27,"s:108:2:108:Infinity":28,"f:121:16:121:Infinity":2,"s:124:15:124:Infinity":29,"b:124:31:124:57:124:57:124:Infinity":9,"s:125:2:125:Infinity":30,"f:139:16:139:31":3,"b:139:67:139:78":10,"s:140:2:140:Infinity":31}}},"C:\\Users\\Usuario\\Documents\\GitHub\\Sistema-EDO-Chelabs-v2\\src\\lib\\constants\\insumos-predefinidos.ts":{"path":"C:\\Users\\Usuario\\Documents\\GitHub\\Sistema-EDO-Chelabs-v2\\src\\lib\\constants\\insumos-predefinidos.ts","statementMap":{"0":{"start":{"line":20,"column":57},"end":{"line":248,"column":null}},"1":{"start":{"line":254,"column":2},"end":{"line":254,"column":null}},"2":{"start":{"line":254,"column":47},"end":{"line":254,"column":75}},"3":{"start":{"line":261,"column":2},"end":{"line":261,"column":null}},"4":{"start":{"line":261,"column":56},"end":{"line":261,"column":68}},"5":{"start":{"line":271,"column":26},"end":{"line":271,"column":null}},"6":{"start":{"line":272,"column":2},"end":{"line":275,"column":null}},"7":{"start":{"line":273,"column":44},"end":{"line":273,"column":65}},"8":{"start":{"line":274,"column":46},"end":{"line":274,"column":71}}},"fnMap":{"0":{"name":"getInsumosPredefinidosPorRubro","decl":{"start":{"line":253,"column":16},"end":{"line":253,"column":47}},"loc":{"start":{"line":253,"column":89},"end":{"line":255,"column":null}},"line":253},"1":{"name":"(anonymous_1)","decl":{"start":{"line":254,"column":37},"end":{"line":254,"column":47}},"loc":{"start":{"line":254,"column":47},"end":{"line":254,"column":75}},"line":254},"2":{"name":"getRubrosConInsumosPredefinidos","decl":{"start":{"line":260,"column":16},"end":{"line":260,"column":60}},"loc":{"start":{"line":260,"column":60},"end":{"line":262,"column":null}},"line":260},"3":{"name":"(anonymous_3)","decl":{"start":{"line":261,"column":46},"end":{"line":261,"column":56}},"loc":{"start":{"line":261,"column":56},"end":{"line":261,"column":68}},"line":261},"4":{"name":"getInsumosPredefinidosAgrupados","decl":{"start":{"line":267,"column":16},"end":{"line":267,"column":48}},"loc":{"start":{"line":270,"column":2},"end":{"line":276,"column":null}},"line":270},"5":{"name":"(anonymous_5)","decl":{"start":{"line":273,"column":39},"end":{"line":273,"column":44}},"loc":{"start":{"line":273,"column":44},"end":{"line":273,"column":65}},"line":273},"6":{"name":"(anonymous_6)","decl":{"start":{"line":274,"column":41},"end":{"line":274,"column":46}},"loc":{"start":{"line":274,"column":46},"end":{"line":274,"column":71}},"line":274}},"branchMap":{},"s":{"0":1,"1":0,"2":0,"3":0,"4":0,"5":0,"6":0,"7":0,"8":0},"f":{"0":0,"1":0,"2":0,"3":0,"4":0,"5":0,"6":0},"b":{},"meta":{"lastBranch":0,"lastFunction":7,"lastStatement":9,"seen":{"s:20:57:248:Infinity":0,"f:253:16:253:47":0,"s:254:2:254:Infinity":1,"f:254:37:254:47":1,"s:254:47:254:75":2,"f:260:16:260:60":2,"s:261:2:261:Infinity":3,"f:261:46:261:56":3,"s:261:56:261:68":4,"f:267:16:267:48":4,"s:271:26:271:Infinity":5,"s:272:2:275:Infinity":6,"f:273:39:273:44":5,"s:273:44:273:65":7,"f:274:41:274:46":6,"s:274:46:274:71":8}}},"C:\\Users\\Usuario\\Documents\\GitHub\\Sistema-EDO-Chelabs-v2\\src\\lib\\validations\\insumos.ts":{"path":"C:\\Users\\Usuario\\Documents\\GitHub\\Sistema-EDO-Chelabs-v2\\src\\lib\\validations\\insumos.ts","statementMap":{"0":{"start":{"line":3,"column":34},"end":{"line":19,"column":null}},"1":{"start":{"line":21,"column":34},"end":{"line":23,"column":null}}},"fnMap":{},"branchMap":{},"s":{"0":1,"1":1},"f":{},"b":{},"meta":{"lastBranch":0,"lastFunction":0,"lastStatement":2,"seen":{"s:3:34:19:Infinity":0,"s:21:34:23:Infinity":1}}},"C:\\Users\\Usuario\\Documents\\GitHub\\Sistema-EDO-Chelabs-v2\\src\\lib\\validations\\obras.ts":{"path":"C:\\Users\\Usuario\\Documents\\GitHub\\Sistema-EDO-Chelabs-v2\\src\\lib\\validations\\obras.ts","statementMap":{"0":{"start":{"line":3,"column":32},"end":{"line":25,"column":null}},"1":{"start":{"line":27,"column":32},"end":{"line":30,"column":null}}},"fnMap":{},"branchMap":{},"s":{"0":1,"1":1},"f":{},"b":{},"meta":{"lastBranch":0,"lastFunction":0,"lastStatement":2,"seen":{"s:3:32:25:Infinity":0,"s:27:32:30:Infinity":1}}},"C:\\Users\\Usuario\\Documents\\GitHub\\Sistema-EDO-Chelabs-v2\\src\\lib\\validations\\rubros.ts":{"path":"C:\\Users\\Usuario\\Documents\\GitHub\\Sistema-EDO-Chelabs-v2\\src\\lib\\validations\\rubros.ts","statementMap":{"0":{"start":{"line":3,"column":33},"end":{"line":16,"column":null}},"1":{"start":{"line":18,"column":33},"end":{"line":20,"column":null}}},"fnMap":{},"branchMap":{},"s":{"0":1,"1":1},"f":{},"b":{},"meta":{"lastBranch":0,"lastFunction":0,"lastStatement":2,"seen":{"s:3:33:16:Infinity":0,"s:18:33:20:Infinity":1}}},"C:\\Users\\Usuario\\Documents\\GitHub\\Sistema-EDO-Chelabs-v2\\src\\lib\\validations\\ordenes-trabajo.ts":{"path":"C:\\Users\\Usuario\\Documents\\GitHub\\Sistema-EDO-Chelabs-v2\\src\\lib\\validations\\ordenes-trabajo.ts","statementMap":{"0":{"start":{"line":4,"column":40},"end":{"line":7,"column":null}},"1":{"start":{"line":9,"column":30},"end":{"line":23,"column":null}},"2":{"start":{"line":25,"column":30},"end":{"line":38,"column":null}},"3":{"start":{"line":40,"column":36},"end":{"line":44,"column":null}},"4":{"start":{"line":46,"column":31},"end":{"line":50,"column":null}},"5":{"start":{"line":52,"column":29},"end":{"line":56,"column":null}}},"fnMap":{},"branchMap":{},"s":{"0":1,"1":1,"2":1,"3":1,"4":1,"5":1},"f":{},"b":{},"meta":{"lastBranch":0,"lastFunction":0,"lastStatement":6,"seen":{"s:4:40:7:Infinity":0,"s:9:30:23:Infinity":1,"s:25:30:38:Infinity":2,"s:40:36:44:Infinity":3,"s:46:31:50:Infinity":4,"s:52:29:56:Infinity":5}}}}}
[34m % [39m[2mCoverage report from [22m[33mv8[39m
-------------------|---------|----------|---------|---------|-------------------
File               | % Stmts | % Branch | % Funcs | % Lines | Uncovered Line #s 
-------------------|---------|----------|---------|---------|-------------------
All files          |   60.21 |    48.14 |   58.86 |   60.21 |                   
 app/actions       |   58.42 |    46.26 |   60.31 |   58.51 |                   
  auth.ts          |   96.77 |    81.25 |     100 |   96.77 | 125               
  configuracion.ts |    86.2 |    81.25 |     100 |    86.2 | 52,75-76,96       
  ...materiales.ts |      40 |    44.73 |   42.85 |      40 | ...52-153,194-282 
  costos.ts        |   42.52 |    24.63 |      40 |   41.86 | ...75-176,205-345 
  insumos.ts       |   39.31 |    35.71 |   26.66 |   38.79 | ...01-202,214-424 
  obras.ts         |    37.5 |    37.33 |   44.44 |   36.93 | ...34-335,351-385 
  ...nes-compra.ts |    56.6 |    48.78 |    62.5 |   56.31 | ...47-348,372-422 
  ...es-trabajo.ts |    59.6 |    43.22 |    62.5 |    60.4 | ...18,828-829,857 
  papelera.ts      |   54.23 |    44.28 |      50 |   56.25 | ...14-315,328-356 
  recepciones.ts   |   65.51 |    45.31 |      75 |    64.7 | ...45-246,275,284 
  rubro-insumos.ts |   70.94 |       50 |   63.15 |   71.12 | ...11,424,452-453 
  rubros.ts        |   65.71 |    54.16 |      60 |   65.71 | ...94-195,207-240 
  usuarios-obra.ts |   72.13 |    63.88 |     100 |   72.13 | ...76,186,201-202 
  usuarios.ts      |   78.31 |    67.27 |     100 |   78.04 | ...04,225,244,265 
 lib               |   55.31 |    54.54 |      50 |   54.34 |                   
  ...mit-config.ts |     100 |      100 |     100 |     100 |                   
  rate-limit.ts    |      50 |    44.44 |   33.33 |   48.78 | 35-38,116-166     
  roles.ts         |     100 |      100 |     100 |     100 |                   
 lib/constants     |   70.37 |      100 |       0 |      76 |                   
  app.ts           |     100 |      100 |     100 |     100 |                   
  ...edefinidos.ts |   11.11 |      100 |       0 |   14.28 | 254-274           
  ...edefinidos.ts |     100 |      100 |     100 |     100 |                   
 lib/errors        |   38.46 |       20 |      20 |   38.46 |                   
  index.ts         |   38.46 |       20 |      20 |   38.46 | 97-118,134,151    
 lib/utils         |     100 |    93.02 |     100 |     100 |                   
  currency.ts      |     100 |      100 |     100 |     100 |                   
  ot-format.ts     |     100 |    95.23 |     100 |     100 | 103               
  pagination.ts    |     100 |       60 |     100 |     100 | 39-40             
 lib/validations   |     100 |      100 |     100 |     100 |                   
  insumos.ts       |     100 |      100 |     100 |     100 |                   
  obras.ts         |     100 |      100 |     100 |     100 |                   
  ...es-trabajo.ts |     100 |      100 |     100 |     100 |                   
  rubros.ts        |     100 |      100 |     100 |     100 |                   
-------------------|---------|----------|---------|---------|-------------------
node.exe : ERROR: Coverage for lines (60.21%) does not 
meet global threshold (80%)
En C:\Program Files\nodejs\npx.ps1: 29 Carácter: 3
+   & $NODE_EXE $NPX_CLI_JS $args
+   ~~~~~~~~~~~~~~~~~~~~~~~~~~~~~
    + CategoryInfo          : NotSpecified: (ERROR: 
Coverage    ...threshold (80%):String) [], RemoteException
    + FullyQualifiedErrorId : NativeCommandError
 
ERROR: Coverage for functions (58.86%) does not meet 
global threshold (80%)
ERROR: Coverage for statements (60.21%) does not meet 
global threshold (80%)
ERROR: Coverage for branches (48.14%) does not meet 
global threshold (80%)
