src/__tests__/actions/obras.test.ts(43,63): error TS2554: Expected 1 arguments, but got 2.
src/__tests__/actions/obras.test.ts(65,56): error TS2554: Expected 1 arguments, but got 2.
src/__tests__/actions/rubro-insumos.test.ts(85,24): error TS18048: 'result.data' is possibly 'undefined'.
src/__tests__/actions/rubro-insumos.test.ts(86,24): error TS18048: 'result.data' is possibly 'undefined'.
src/__tests__/actions/rubro-insumos.test.ts(86,24): error TS18048: 'result.data.presupuesto_status' is possibly 'undefined'.
src/__tests__/actions/rubro-insumos.test.ts(87,24): error TS18048: 'result.data' is possibly 'undefined'.
src/__tests__/actions/rubro-insumos.test.ts(87,24): error TS18048: 'result.data.presupuesto_status' is possibly 'undefined'.
src/__tests__/actions/rubro-insumos.test.ts(346,24): error TS18048: 'result.data' is possibly 'undefined'.
src/__tests__/actions/usuarios.test.ts(114,24): error TS18048: 'result.data' is possibly 'undefined'.
